ERROR - 2025-04-23 08:52:59 --> Exception: no such table: db_bon_livraison in C:\xampp\htdocs\DevOps_Project\system\Database\SQLite3\Connection.php:175
Stack trace:
#0 C:\xampp\htdocs\DevOps_Project\system\Database\SQLite3\Connection.php(175): SQLite3->exec('INSERT INTO `db...')
#1 C:\xampp\htdocs\DevOps_Project\system\Database\BaseConnection.php(738): CodeIgniter\Database\SQLite3\Connection->execute('INSERT INTO `db...')
#2 C:\xampp\htdocs\DevOps_Project\system\Database\BaseConnection.php(652): CodeIgniter\Database\BaseConnection->simpleQuery('INSERT INTO `db...')
#3 C:\xampp\htdocs\DevOps_Project\system\Database\BaseBuilder.php(2345): CodeIgniter\Database\BaseConnection->query('INSERT INTO `db...', Array, false)
#4 C:\xampp\htdocs\DevOps_Project\system\Model.php(394): CodeIgniter\Database\BaseBuilder->insert()
#5 C:\xampp\htdocs\DevOps_Project\system\BaseModel.php(839): CodeIgniter\Model->doInsert(Array)
#6 C:\xampp\htdocs\DevOps_Project\system\Model.php(800): CodeIgniter\BaseModel->insert(Array, true)
#7 C:\xampp\htdocs\DevOps_Project\tests\BonLivraisonModelTest.php(26): CodeIgniter\Model->insert(Array)
#8 C:\xampp\htdocs\DevOps_Project\vendor\phpunit\phpunit\src\Framework\TestCase.php(1656): App\Tests\Models\BonLivraisonModelTest->testInsertBonLivraison()
#9 C:\xampp\htdocs\DevOps_Project\vendor\phpunit\phpunit\src\Framework\TestCase.php(514): PHPUnit\Framework\TestCase->runTest()
#10 C:\xampp\htdocs\DevOps_Project\vendor\phpunit\phpunit\src\Framework\TestRunner\TestRunner.php(87): PHPUnit\Framework\TestCase->runBare()
#11 C:\xampp\htdocs\DevOps_Project\vendor\phpunit\phpunit\src\Framework\TestCase.php(361): PHPUnit\Framework\TestRunner->run(Object(App\Tests\Models\BonLivraisonModelTest))
#12 C:\xampp\htdocs\DevOps_Project\vendor\phpunit\phpunit\src\Framework\TestSuite.php(369): PHPUnit\Framework\TestCase->run()
#13 C:\xampp\htdocs\DevOps_Project\vendor\phpunit\phpunit\src\Framework\TestSuite.php(369): PHPUnit\Framework\TestSuite->run()
#14 C:\xampp\htdocs\DevOps_Project\vendor\phpunit\phpunit\src\Framework\TestSuite.php(369): PHPUnit\Framework\TestSuite->run()
#15 C:\xampp\htdocs\DevOps_Project\vendor\phpunit\phpunit\src\TextUI\TestRunner.php(64): PHPUnit\Framework\TestSuite->run()
#16 C:\xampp\htdocs\DevOps_Project\vendor\phpunit\phpunit\src\TextUI\Application.php(210): PHPUnit\TextUI\TestRunner->run(Object(PHPUnit\TextUI\Configuration\Configuration), Object(PHPUnit\Runner\ResultCache\DefaultResultCache), Object(PHPUnit\Framework\TestSuite))
#17 C:\xampp\htdocs\DevOps_Project\vendor\phpunit\phpunit\phpunit(104): PHPUnit\TextUI\Application->run(Array)
#18 C:\xampp\htdocs\DevOps_Project\vendor\bin\phpunit(122): include('C:\\xampp\\htdocs...')
#19 {main}
ERROR - 2025-04-23 08:53:00 --> Exception: no such table: db_bon_livraison in C:\xampp\htdocs\DevOps_Project\system\Database\SQLite3\Connection.php:175
Stack trace:
#0 C:\xampp\htdocs\DevOps_Project\system\Database\SQLite3\Connection.php(175): SQLite3->exec('INSERT INTO `db...')
#1 C:\xampp\htdocs\DevOps_Project\system\Database\BaseConnection.php(738): CodeIgniter\Database\SQLite3\Connection->execute('INSERT INTO `db...')
#2 C:\xampp\htdocs\DevOps_Project\system\Database\BaseConnection.php(652): CodeIgniter\Database\BaseConnection->simpleQuery('INSERT INTO `db...')
#3 C:\xampp\htdocs\DevOps_Project\system\Database\BaseBuilder.php(2345): CodeIgniter\Database\BaseConnection->query('INSERT INTO `db...', Array, false)
#4 C:\xampp\htdocs\DevOps_Project\system\Model.php(394): CodeIgniter\Database\BaseBuilder->insert()
#5 C:\xampp\htdocs\DevOps_Project\system\BaseModel.php(839): CodeIgniter\Model->doInsert(Array)
#6 C:\xampp\htdocs\DevOps_Project\system\Model.php(800): CodeIgniter\BaseModel->insert(Array, true)
#7 C:\xampp\htdocs\DevOps_Project\tests\BonLivraisonModelTest.php(40): CodeIgniter\Model->insert(Array)
#8 C:\xampp\htdocs\DevOps_Project\vendor\phpunit\phpunit\src\Framework\TestCase.php(1656): App\Tests\Models\BonLivraisonModelTest->testFindBonLivraison()
#9 C:\xampp\htdocs\DevOps_Project\vendor\phpunit\phpunit\src\Framework\TestCase.php(514): PHPUnit\Framework\TestCase->runTest()
#10 C:\xampp\htdocs\DevOps_Project\vendor\phpunit\phpunit\src\Framework\TestRunner\TestRunner.php(87): PHPUnit\Framework\TestCase->runBare()
#11 C:\xampp\htdocs\DevOps_Project\vendor\phpunit\phpunit\src\Framework\TestCase.php(361): PHPUnit\Framework\TestRunner->run(Object(App\Tests\Models\BonLivraisonModelTest))
#12 C:\xampp\htdocs\DevOps_Project\vendor\phpunit\phpunit\src\Framework\TestSuite.php(369): PHPUnit\Framework\TestCase->run()
#13 C:\xampp\htdocs\DevOps_Project\vendor\phpunit\phpunit\src\Framework\TestSuite.php(369): PHPUnit\Framework\TestSuite->run()
#14 C:\xampp\htdocs\DevOps_Project\vendor\phpunit\phpunit\src\Framework\TestSuite.php(369): PHPUnit\Framework\TestSuite->run()
#15 C:\xampp\htdocs\DevOps_Project\vendor\phpunit\phpunit\src\TextUI\TestRunner.php(64): PHPUnit\Framework\TestSuite->run()
#16 C:\xampp\htdocs\DevOps_Project\vendor\phpunit\phpunit\src\TextUI\Application.php(210): PHPUnit\TextUI\TestRunner->run(Object(PHPUnit\TextUI\Configuration\Configuration), Object(PHPUnit\Runner\ResultCache\DefaultResultCache), Object(PHPUnit\Framework\TestSuite))
#17 C:\xampp\htdocs\DevOps_Project\vendor\phpunit\phpunit\phpunit(104): PHPUnit\TextUI\Application->run(Array)
#18 C:\xampp\htdocs\DevOps_Project\vendor\bin\phpunit(122): include('C:\\xampp\\htdocs...')
#19 {main}
ERROR - 2025-04-23 08:53:00 --> Exception: no such table: db_bon_livraison in C:\xampp\htdocs\DevOps_Project\system\Database\SQLite3\Connection.php:175
Stack trace:
#0 C:\xampp\htdocs\DevOps_Project\system\Database\SQLite3\Connection.php(175): SQLite3->exec('INSERT INTO `db...')
#1 C:\xampp\htdocs\DevOps_Project\system\Database\BaseConnection.php(738): CodeIgniter\Database\SQLite3\Connection->execute('INSERT INTO `db...')
#2 C:\xampp\htdocs\DevOps_Project\system\Database\BaseConnection.php(652): CodeIgniter\Database\BaseConnection->simpleQuery('INSERT INTO `db...')
#3 C:\xampp\htdocs\DevOps_Project\system\Database\BaseBuilder.php(2345): CodeIgniter\Database\BaseConnection->query('INSERT INTO `db...', Array, false)
#4 C:\xampp\htdocs\DevOps_Project\system\Model.php(394): CodeIgniter\Database\BaseBuilder->insert()
#5 C:\xampp\htdocs\DevOps_Project\system\BaseModel.php(839): CodeIgniter\Model->doInsert(Array)
#6 C:\xampp\htdocs\DevOps_Project\system\Model.php(800): CodeIgniter\BaseModel->insert(Array, true)
#7 C:\xampp\htdocs\DevOps_Project\tests\BonLivraisonModelTest.php(50): CodeIgniter\Model->insert(Array)
#8 C:\xampp\htdocs\DevOps_Project\vendor\phpunit\phpunit\src\Framework\TestCase.php(1656): App\Tests\Models\BonLivraisonModelTest->testUpdateBonLivraison()
#9 C:\xampp\htdocs\DevOps_Project\vendor\phpunit\phpunit\src\Framework\TestCase.php(514): PHPUnit\Framework\TestCase->runTest()
#10 C:\xampp\htdocs\DevOps_Project\vendor\phpunit\phpunit\src\Framework\TestRunner\TestRunner.php(87): PHPUnit\Framework\TestCase->runBare()
#11 C:\xampp\htdocs\DevOps_Project\vendor\phpunit\phpunit\src\Framework\TestCase.php(361): PHPUnit\Framework\TestRunner->run(Object(App\Tests\Models\BonLivraisonModelTest))
#12 C:\xampp\htdocs\DevOps_Project\vendor\phpunit\phpunit\src\Framework\TestSuite.php(369): PHPUnit\Framework\TestCase->run()
#13 C:\xampp\htdocs\DevOps_Project\vendor\phpunit\phpunit\src\Framework\TestSuite.php(369): PHPUnit\Framework\TestSuite->run()
#14 C:\xampp\htdocs\DevOps_Project\vendor\phpunit\phpunit\src\Framework\TestSuite.php(369): PHPUnit\Framework\TestSuite->run()
#15 C:\xampp\htdocs\DevOps_Project\vendor\phpunit\phpunit\src\TextUI\TestRunner.php(64): PHPUnit\Framework\TestSuite->run()
#16 C:\xampp\htdocs\DevOps_Project\vendor\phpunit\phpunit\src\TextUI\Application.php(210): PHPUnit\TextUI\TestRunner->run(Object(PHPUnit\TextUI\Configuration\Configuration), Object(PHPUnit\Runner\ResultCache\DefaultResultCache), Object(PHPUnit\Framework\TestSuite))
#17 C:\xampp\htdocs\DevOps_Project\vendor\phpunit\phpunit\phpunit(104): PHPUnit\TextUI\Application->run(Array)
#18 C:\xampp\htdocs\DevOps_Project\vendor\bin\phpunit(122): include('C:\\xampp\\htdocs...')
#19 {main}
ERROR - 2025-04-23 08:53:00 --> Exception: no such table: db_bon_livraison in C:\xampp\htdocs\DevOps_Project\system\Database\SQLite3\Connection.php:175
Stack trace:
#0 C:\xampp\htdocs\DevOps_Project\system\Database\SQLite3\Connection.php(175): SQLite3->exec('INSERT INTO `db...')
#1 C:\xampp\htdocs\DevOps_Project\system\Database\BaseConnection.php(738): CodeIgniter\Database\SQLite3\Connection->execute('INSERT INTO `db...')
#2 C:\xampp\htdocs\DevOps_Project\system\Database\BaseConnection.php(652): CodeIgniter\Database\BaseConnection->simpleQuery('INSERT INTO `db...')
#3 C:\xampp\htdocs\DevOps_Project\system\Database\BaseBuilder.php(2345): CodeIgniter\Database\BaseConnection->query('INSERT INTO `db...', Array, false)
#4 C:\xampp\htdocs\DevOps_Project\system\Model.php(394): CodeIgniter\Database\BaseBuilder->insert()
#5 C:\xampp\htdocs\DevOps_Project\system\BaseModel.php(839): CodeIgniter\Model->doInsert(Array)
#6 C:\xampp\htdocs\DevOps_Project\system\Model.php(800): CodeIgniter\BaseModel->insert(Array, true)
#7 C:\xampp\htdocs\DevOps_Project\tests\BonLivraisonModelTest.php(64): CodeIgniter\Model->insert(Array)
#8 C:\xampp\htdocs\DevOps_Project\vendor\phpunit\phpunit\src\Framework\TestCase.php(1656): App\Tests\Models\BonLivraisonModelTest->testDeleteBonLivraison()
#9 C:\xampp\htdocs\DevOps_Project\vendor\phpunit\phpunit\src\Framework\TestCase.php(514): PHPUnit\Framework\TestCase->runTest()
#10 C:\xampp\htdocs\DevOps_Project\vendor\phpunit\phpunit\src\Framework\TestRunner\TestRunner.php(87): PHPUnit\Framework\TestCase->runBare()
#11 C:\xampp\htdocs\DevOps_Project\vendor\phpunit\phpunit\src\Framework\TestCase.php(361): PHPUnit\Framework\TestRunner->run(Object(App\Tests\Models\BonLivraisonModelTest))
#12 C:\xampp\htdocs\DevOps_Project\vendor\phpunit\phpunit\src\Framework\TestSuite.php(369): PHPUnit\Framework\TestCase->run()
#13 C:\xampp\htdocs\DevOps_Project\vendor\phpunit\phpunit\src\Framework\TestSuite.php(369): PHPUnit\Framework\TestSuite->run()
#14 C:\xampp\htdocs\DevOps_Project\vendor\phpunit\phpunit\src\Framework\TestSuite.php(369): PHPUnit\Framework\TestSuite->run()
#15 C:\xampp\htdocs\DevOps_Project\vendor\phpunit\phpunit\src\TextUI\TestRunner.php(64): PHPUnit\Framework\TestSuite->run()
#16 C:\xampp\htdocs\DevOps_Project\vendor\phpunit\phpunit\src\TextUI\Application.php(210): PHPUnit\TextUI\TestRunner->run(Object(PHPUnit\TextUI\Configuration\Configuration), Object(PHPUnit\Runner\ResultCache\DefaultResultCache), Object(PHPUnit\Framework\TestSuite))
#17 C:\xampp\htdocs\DevOps_Project\vendor\phpunit\phpunit\phpunit(104): PHPUnit\TextUI\Application->run(Array)
#18 C:\xampp\htdocs\DevOps_Project\vendor\bin\phpunit(122): include('C:\\xampp\\htdocs...')
#19 {main}
ERROR - 2025-04-23 08:54:10 --> Exception: no such table: db_bon_livraison in C:\xampp\htdocs\DevOps_Project\system\Database\SQLite3\Connection.php:175
Stack trace:
#0 C:\xampp\htdocs\DevOps_Project\system\Database\SQLite3\Connection.php(175): SQLite3->exec('INSERT INTO `db...')
#1 C:\xampp\htdocs\DevOps_Project\system\Database\BaseConnection.php(738): CodeIgniter\Database\SQLite3\Connection->execute('INSERT INTO `db...')
#2 C:\xampp\htdocs\DevOps_Project\system\Database\BaseConnection.php(652): CodeIgniter\Database\BaseConnection->simpleQuery('INSERT INTO `db...')
#3 C:\xampp\htdocs\DevOps_Project\system\Database\BaseBuilder.php(2345): CodeIgniter\Database\BaseConnection->query('INSERT INTO `db...', Array, false)
#4 C:\xampp\htdocs\DevOps_Project\system\Model.php(394): CodeIgniter\Database\BaseBuilder->insert()
#5 C:\xampp\htdocs\DevOps_Project\system\BaseModel.php(839): CodeIgniter\Model->doInsert(Array)
#6 C:\xampp\htdocs\DevOps_Project\system\Model.php(800): CodeIgniter\BaseModel->insert(Array, true)
#7 C:\xampp\htdocs\DevOps_Project\tests\BonLivraisonModelTest.php(26): CodeIgniter\Model->insert(Array)
#8 C:\xampp\htdocs\DevOps_Project\vendor\phpunit\phpunit\src\Framework\TestCase.php(1656): App\Tests\Models\BonLivraisonModelTest->testInsertBonLivraison()
#9 C:\xampp\htdocs\DevOps_Project\vendor\phpunit\phpunit\src\Framework\TestCase.php(514): PHPUnit\Framework\TestCase->runTest()
#10 C:\xampp\htdocs\DevOps_Project\vendor\phpunit\phpunit\src\Framework\TestRunner\TestRunner.php(87): PHPUnit\Framework\TestCase->runBare()
#11 C:\xampp\htdocs\DevOps_Project\vendor\phpunit\phpunit\src\Framework\TestCase.php(361): PHPUnit\Framework\TestRunner->run(Object(App\Tests\Models\BonLivraisonModelTest))
#12 C:\xampp\htdocs\DevOps_Project\vendor\phpunit\phpunit\src\Framework\TestSuite.php(369): PHPUnit\Framework\TestCase->run()
#13 C:\xampp\htdocs\DevOps_Project\vendor\phpunit\phpunit\src\TextUI\TestRunner.php(64): PHPUnit\Framework\TestSuite->run()
#14 C:\xampp\htdocs\DevOps_Project\vendor\phpunit\phpunit\src\TextUI\Application.php(210): PHPUnit\TextUI\TestRunner->run(Object(PHPUnit\TextUI\Configuration\Configuration), Object(PHPUnit\Runner\ResultCache\DefaultResultCache), Object(PHPUnit\Framework\TestSuite))
#15 C:\xampp\htdocs\DevOps_Project\vendor\phpunit\phpunit\phpunit(104): PHPUnit\TextUI\Application->run(Array)
#16 C:\xampp\htdocs\DevOps_Project\vendor\bin\phpunit(122): include('C:\\xampp\\htdocs...')
#17 {main}
ERROR - 2025-04-23 08:54:10 --> Exception: no such table: db_bon_livraison in C:\xampp\htdocs\DevOps_Project\system\Database\SQLite3\Connection.php:175
Stack trace:
#0 C:\xampp\htdocs\DevOps_Project\system\Database\SQLite3\Connection.php(175): SQLite3->exec('INSERT INTO `db...')
#1 C:\xampp\htdocs\DevOps_Project\system\Database\BaseConnection.php(738): CodeIgniter\Database\SQLite3\Connection->execute('INSERT INTO `db...')
#2 C:\xampp\htdocs\DevOps_Project\system\Database\BaseConnection.php(652): CodeIgniter\Database\BaseConnection->simpleQuery('INSERT INTO `db...')
#3 C:\xampp\htdocs\DevOps_Project\system\Database\BaseBuilder.php(2345): CodeIgniter\Database\BaseConnection->query('INSERT INTO `db...', Array, false)
#4 C:\xampp\htdocs\DevOps_Project\system\Model.php(394): CodeIgniter\Database\BaseBuilder->insert()
#5 C:\xampp\htdocs\DevOps_Project\system\BaseModel.php(839): CodeIgniter\Model->doInsert(Array)
#6 C:\xampp\htdocs\DevOps_Project\system\Model.php(800): CodeIgniter\BaseModel->insert(Array, true)
#7 C:\xampp\htdocs\DevOps_Project\tests\BonLivraisonModelTest.php(40): CodeIgniter\Model->insert(Array)
#8 C:\xampp\htdocs\DevOps_Project\vendor\phpunit\phpunit\src\Framework\TestCase.php(1656): App\Tests\Models\BonLivraisonModelTest->testFindBonLivraison()
#9 C:\xampp\htdocs\DevOps_Project\vendor\phpunit\phpunit\src\Framework\TestCase.php(514): PHPUnit\Framework\TestCase->runTest()
#10 C:\xampp\htdocs\DevOps_Project\vendor\phpunit\phpunit\src\Framework\TestRunner\TestRunner.php(87): PHPUnit\Framework\TestCase->runBare()
#11 C:\xampp\htdocs\DevOps_Project\vendor\phpunit\phpunit\src\Framework\TestCase.php(361): PHPUnit\Framework\TestRunner->run(Object(App\Tests\Models\BonLivraisonModelTest))
#12 C:\xampp\htdocs\DevOps_Project\vendor\phpunit\phpunit\src\Framework\TestSuite.php(369): PHPUnit\Framework\TestCase->run()
#13 C:\xampp\htdocs\DevOps_Project\vendor\phpunit\phpunit\src\TextUI\TestRunner.php(64): PHPUnit\Framework\TestSuite->run()
#14 C:\xampp\htdocs\DevOps_Project\vendor\phpunit\phpunit\src\TextUI\Application.php(210): PHPUnit\TextUI\TestRunner->run(Object(PHPUnit\TextUI\Configuration\Configuration), Object(PHPUnit\Runner\ResultCache\DefaultResultCache), Object(PHPUnit\Framework\TestSuite))
#15 C:\xampp\htdocs\DevOps_Project\vendor\phpunit\phpunit\phpunit(104): PHPUnit\TextUI\Application->run(Array)
#16 C:\xampp\htdocs\DevOps_Project\vendor\bin\phpunit(122): include('C:\\xampp\\htdocs...')
#17 {main}
ERROR - 2025-04-23 08:54:10 --> Exception: no such table: db_bon_livraison in C:\xampp\htdocs\DevOps_Project\system\Database\SQLite3\Connection.php:175
Stack trace:
#0 C:\xampp\htdocs\DevOps_Project\system\Database\SQLite3\Connection.php(175): SQLite3->exec('INSERT INTO `db...')
#1 C:\xampp\htdocs\DevOps_Project\system\Database\BaseConnection.php(738): CodeIgniter\Database\SQLite3\Connection->execute('INSERT INTO `db...')
#2 C:\xampp\htdocs\DevOps_Project\system\Database\BaseConnection.php(652): CodeIgniter\Database\BaseConnection->simpleQuery('INSERT INTO `db...')
#3 C:\xampp\htdocs\DevOps_Project\system\Database\BaseBuilder.php(2345): CodeIgniter\Database\BaseConnection->query('INSERT INTO `db...', Array, false)
#4 C:\xampp\htdocs\DevOps_Project\system\Model.php(394): CodeIgniter\Database\BaseBuilder->insert()
#5 C:\xampp\htdocs\DevOps_Project\system\BaseModel.php(839): CodeIgniter\Model->doInsert(Array)
#6 C:\xampp\htdocs\DevOps_Project\system\Model.php(800): CodeIgniter\BaseModel->insert(Array, true)
#7 C:\xampp\htdocs\DevOps_Project\tests\BonLivraisonModelTest.php(50): CodeIgniter\Model->insert(Array)
#8 C:\xampp\htdocs\DevOps_Project\vendor\phpunit\phpunit\src\Framework\TestCase.php(1656): App\Tests\Models\BonLivraisonModelTest->testUpdateBonLivraison()
#9 C:\xampp\htdocs\DevOps_Project\vendor\phpunit\phpunit\src\Framework\TestCase.php(514): PHPUnit\Framework\TestCase->runTest()
#10 C:\xampp\htdocs\DevOps_Project\vendor\phpunit\phpunit\src\Framework\TestRunner\TestRunner.php(87): PHPUnit\Framework\TestCase->runBare()
#11 C:\xampp\htdocs\DevOps_Project\vendor\phpunit\phpunit\src\Framework\TestCase.php(361): PHPUnit\Framework\TestRunner->run(Object(App\Tests\Models\BonLivraisonModelTest))
#12 C:\xampp\htdocs\DevOps_Project\vendor\phpunit\phpunit\src\Framework\TestSuite.php(369): PHPUnit\Framework\TestCase->run()
#13 C:\xampp\htdocs\DevOps_Project\vendor\phpunit\phpunit\src\TextUI\TestRunner.php(64): PHPUnit\Framework\TestSuite->run()
#14 C:\xampp\htdocs\DevOps_Project\vendor\phpunit\phpunit\src\TextUI\Application.php(210): PHPUnit\TextUI\TestRunner->run(Object(PHPUnit\TextUI\Configuration\Configuration), Object(PHPUnit\Runner\ResultCache\DefaultResultCache), Object(PHPUnit\Framework\TestSuite))
#15 C:\xampp\htdocs\DevOps_Project\vendor\phpunit\phpunit\phpunit(104): PHPUnit\TextUI\Application->run(Array)
#16 C:\xampp\htdocs\DevOps_Project\vendor\bin\phpunit(122): include('C:\\xampp\\htdocs...')
#17 {main}
ERROR - 2025-04-23 08:54:10 --> Exception: no such table: db_bon_livraison in C:\xampp\htdocs\DevOps_Project\system\Database\SQLite3\Connection.php:175
Stack trace:
#0 C:\xampp\htdocs\DevOps_Project\system\Database\SQLite3\Connection.php(175): SQLite3->exec('INSERT INTO `db...')
#1 C:\xampp\htdocs\DevOps_Project\system\Database\BaseConnection.php(738): CodeIgniter\Database\SQLite3\Connection->execute('INSERT INTO `db...')
#2 C:\xampp\htdocs\DevOps_Project\system\Database\BaseConnection.php(652): CodeIgniter\Database\BaseConnection->simpleQuery('INSERT INTO `db...')
#3 C:\xampp\htdocs\DevOps_Project\system\Database\BaseBuilder.php(2345): CodeIgniter\Database\BaseConnection->query('INSERT INTO `db...', Array, false)
#4 C:\xampp\htdocs\DevOps_Project\system\Model.php(394): CodeIgniter\Database\BaseBuilder->insert()
#5 C:\xampp\htdocs\DevOps_Project\system\BaseModel.php(839): CodeIgniter\Model->doInsert(Array)
#6 C:\xampp\htdocs\DevOps_Project\system\Model.php(800): CodeIgniter\BaseModel->insert(Array, true)
#7 C:\xampp\htdocs\DevOps_Project\tests\BonLivraisonModelTest.php(64): CodeIgniter\Model->insert(Array)
#8 C:\xampp\htdocs\DevOps_Project\vendor\phpunit\phpunit\src\Framework\TestCase.php(1656): App\Tests\Models\BonLivraisonModelTest->testDeleteBonLivraison()
#9 C:\xampp\htdocs\DevOps_Project\vendor\phpunit\phpunit\src\Framework\TestCase.php(514): PHPUnit\Framework\TestCase->runTest()
#10 C:\xampp\htdocs\DevOps_Project\vendor\phpunit\phpunit\src\Framework\TestRunner\TestRunner.php(87): PHPUnit\Framework\TestCase->runBare()
#11 C:\xampp\htdocs\DevOps_Project\vendor\phpunit\phpunit\src\Framework\TestCase.php(361): PHPUnit\Framework\TestRunner->run(Object(App\Tests\Models\BonLivraisonModelTest))
#12 C:\xampp\htdocs\DevOps_Project\vendor\phpunit\phpunit\src\Framework\TestSuite.php(369): PHPUnit\Framework\TestCase->run()
#13 C:\xampp\htdocs\DevOps_Project\vendor\phpunit\phpunit\src\TextUI\TestRunner.php(64): PHPUnit\Framework\TestSuite->run()
#14 C:\xampp\htdocs\DevOps_Project\vendor\phpunit\phpunit\src\TextUI\Application.php(210): PHPUnit\TextUI\TestRunner->run(Object(PHPUnit\TextUI\Configuration\Configuration), Object(PHPUnit\Runner\ResultCache\DefaultResultCache), Object(PHPUnit\Framework\TestSuite))
#15 C:\xampp\htdocs\DevOps_Project\vendor\phpunit\phpunit\phpunit(104): PHPUnit\TextUI\Application->run(Array)
#16 C:\xampp\htdocs\DevOps_Project\vendor\bin\phpunit(122): include('C:\\xampp\\htdocs...')
#17 {main}
ERROR - 2025-04-23 09:01:06 --> Exception: no such table: db_bon_livraison in C:\xampp\htdocs\DevOps_Project\system\Database\SQLite3\Connection.php:175
Stack trace:
#0 C:\xampp\htdocs\DevOps_Project\system\Database\SQLite3\Connection.php(175): SQLite3->exec('INSERT INTO `db...')
#1 C:\xampp\htdocs\DevOps_Project\system\Database\BaseConnection.php(738): CodeIgniter\Database\SQLite3\Connection->execute('INSERT INTO `db...')
#2 C:\xampp\htdocs\DevOps_Project\system\Database\BaseConnection.php(652): CodeIgniter\Database\BaseConnection->simpleQuery('INSERT INTO `db...')
#3 C:\xampp\htdocs\DevOps_Project\system\Database\BaseBuilder.php(2345): CodeIgniter\Database\BaseConnection->query('INSERT INTO `db...', Array, false)
#4 C:\xampp\htdocs\DevOps_Project\system\Model.php(394): CodeIgniter\Database\BaseBuilder->insert()
#5 C:\xampp\htdocs\DevOps_Project\system\BaseModel.php(839): CodeIgniter\Model->doInsert(Array)
#6 C:\xampp\htdocs\DevOps_Project\system\Model.php(800): CodeIgniter\BaseModel->insert(Array, true)
#7 C:\xampp\htdocs\DevOps_Project\tests\BonLivraisonModelTest.php(26): CodeIgniter\Model->insert(Array)
#8 C:\xampp\htdocs\DevOps_Project\vendor\phpunit\phpunit\src\Framework\TestCase.php(1656): App\Tests\Models\BonLivraisonModelTest->testInsertBonLivraison()
#9 C:\xampp\htdocs\DevOps_Project\vendor\phpunit\phpunit\src\Framework\TestCase.php(514): PHPUnit\Framework\TestCase->runTest()
#10 C:\xampp\htdocs\DevOps_Project\vendor\phpunit\phpunit\src\Framework\TestRunner\TestRunner.php(87): PHPUnit\Framework\TestCase->runBare()
#11 C:\xampp\htdocs\DevOps_Project\vendor\phpunit\phpunit\src\Framework\TestCase.php(361): PHPUnit\Framework\TestRunner->run(Object(App\Tests\Models\BonLivraisonModelTest))
#12 C:\xampp\htdocs\DevOps_Project\vendor\phpunit\phpunit\src\Framework\TestSuite.php(369): PHPUnit\Framework\TestCase->run()
#13 C:\xampp\htdocs\DevOps_Project\vendor\phpunit\phpunit\src\TextUI\TestRunner.php(64): PHPUnit\Framework\TestSuite->run()
#14 C:\xampp\htdocs\DevOps_Project\vendor\phpunit\phpunit\src\TextUI\Application.php(210): PHPUnit\TextUI\TestRunner->run(Object(PHPUnit\TextUI\Configuration\Configuration), Object(PHPUnit\Runner\ResultCache\DefaultResultCache), Object(PHPUnit\Framework\TestSuite))
#15 C:\xampp\htdocs\DevOps_Project\vendor\phpunit\phpunit\phpunit(104): PHPUnit\TextUI\Application->run(Array)
#16 C:\xampp\htdocs\DevOps_Project\vendor\bin\phpunit(122): include('C:\\xampp\\htdocs...')
#17 {main}
ERROR - 2025-04-23 09:01:06 --> Exception: no such table: db_bon_livraison in C:\xampp\htdocs\DevOps_Project\system\Database\SQLite3\Connection.php:175
Stack trace:
#0 C:\xampp\htdocs\DevOps_Project\system\Database\SQLite3\Connection.php(175): SQLite3->exec('INSERT INTO `db...')
#1 C:\xampp\htdocs\DevOps_Project\system\Database\BaseConnection.php(738): CodeIgniter\Database\SQLite3\Connection->execute('INSERT INTO `db...')
#2 C:\xampp\htdocs\DevOps_Project\system\Database\BaseConnection.php(652): CodeIgniter\Database\BaseConnection->simpleQuery('INSERT INTO `db...')
#3 C:\xampp\htdocs\DevOps_Project\system\Database\BaseBuilder.php(2345): CodeIgniter\Database\BaseConnection->query('INSERT INTO `db...', Array, false)
#4 C:\xampp\htdocs\DevOps_Project\system\Model.php(394): CodeIgniter\Database\BaseBuilder->insert()
#5 C:\xampp\htdocs\DevOps_Project\system\BaseModel.php(839): CodeIgniter\Model->doInsert(Array)
#6 C:\xampp\htdocs\DevOps_Project\system\Model.php(800): CodeIgniter\BaseModel->insert(Array, true)
#7 C:\xampp\htdocs\DevOps_Project\tests\BonLivraisonModelTest.php(40): CodeIgniter\Model->insert(Array)
#8 C:\xampp\htdocs\DevOps_Project\vendor\phpunit\phpunit\src\Framework\TestCase.php(1656): App\Tests\Models\BonLivraisonModelTest->testFindBonLivraison()
#9 C:\xampp\htdocs\DevOps_Project\vendor\phpunit\phpunit\src\Framework\TestCase.php(514): PHPUnit\Framework\TestCase->runTest()
#10 C:\xampp\htdocs\DevOps_Project\vendor\phpunit\phpunit\src\Framework\TestRunner\TestRunner.php(87): PHPUnit\Framework\TestCase->runBare()
#11 C:\xampp\htdocs\DevOps_Project\vendor\phpunit\phpunit\src\Framework\TestCase.php(361): PHPUnit\Framework\TestRunner->run(Object(App\Tests\Models\BonLivraisonModelTest))
#12 C:\xampp\htdocs\DevOps_Project\vendor\phpunit\phpunit\src\Framework\TestSuite.php(369): PHPUnit\Framework\TestCase->run()
#13 C:\xampp\htdocs\DevOps_Project\vendor\phpunit\phpunit\src\TextUI\TestRunner.php(64): PHPUnit\Framework\TestSuite->run()
#14 C:\xampp\htdocs\DevOps_Project\vendor\phpunit\phpunit\src\TextUI\Application.php(210): PHPUnit\TextUI\TestRunner->run(Object(PHPUnit\TextUI\Configuration\Configuration), Object(PHPUnit\Runner\ResultCache\DefaultResultCache), Object(PHPUnit\Framework\TestSuite))
#15 C:\xampp\htdocs\DevOps_Project\vendor\phpunit\phpunit\phpunit(104): PHPUnit\TextUI\Application->run(Array)
#16 C:\xampp\htdocs\DevOps_Project\vendor\bin\phpunit(122): include('C:\\xampp\\htdocs...')
#17 {main}
ERROR - 2025-04-23 09:01:06 --> Exception: no such table: db_bon_livraison in C:\xampp\htdocs\DevOps_Project\system\Database\SQLite3\Connection.php:175
Stack trace:
#0 C:\xampp\htdocs\DevOps_Project\system\Database\SQLite3\Connection.php(175): SQLite3->exec('INSERT INTO `db...')
#1 C:\xampp\htdocs\DevOps_Project\system\Database\BaseConnection.php(738): CodeIgniter\Database\SQLite3\Connection->execute('INSERT INTO `db...')
#2 C:\xampp\htdocs\DevOps_Project\system\Database\BaseConnection.php(652): CodeIgniter\Database\BaseConnection->simpleQuery('INSERT INTO `db...')
#3 C:\xampp\htdocs\DevOps_Project\system\Database\BaseBuilder.php(2345): CodeIgniter\Database\BaseConnection->query('INSERT INTO `db...', Array, false)
#4 C:\xampp\htdocs\DevOps_Project\system\Model.php(394): CodeIgniter\Database\BaseBuilder->insert()
#5 C:\xampp\htdocs\DevOps_Project\system\BaseModel.php(839): CodeIgniter\Model->doInsert(Array)
#6 C:\xampp\htdocs\DevOps_Project\system\Model.php(800): CodeIgniter\BaseModel->insert(Array, true)
#7 C:\xampp\htdocs\DevOps_Project\tests\BonLivraisonModelTest.php(50): CodeIgniter\Model->insert(Array)
#8 C:\xampp\htdocs\DevOps_Project\vendor\phpunit\phpunit\src\Framework\TestCase.php(1656): App\Tests\Models\BonLivraisonModelTest->testUpdateBonLivraison()
#9 C:\xampp\htdocs\DevOps_Project\vendor\phpunit\phpunit\src\Framework\TestCase.php(514): PHPUnit\Framework\TestCase->runTest()
#10 C:\xampp\htdocs\DevOps_Project\vendor\phpunit\phpunit\src\Framework\TestRunner\TestRunner.php(87): PHPUnit\Framework\TestCase->runBare()
#11 C:\xampp\htdocs\DevOps_Project\vendor\phpunit\phpunit\src\Framework\TestCase.php(361): PHPUnit\Framework\TestRunner->run(Object(App\Tests\Models\BonLivraisonModelTest))
#12 C:\xampp\htdocs\DevOps_Project\vendor\phpunit\phpunit\src\Framework\TestSuite.php(369): PHPUnit\Framework\TestCase->run()
#13 C:\xampp\htdocs\DevOps_Project\vendor\phpunit\phpunit\src\TextUI\TestRunner.php(64): PHPUnit\Framework\TestSuite->run()
#14 C:\xampp\htdocs\DevOps_Project\vendor\phpunit\phpunit\src\TextUI\Application.php(210): PHPUnit\TextUI\TestRunner->run(Object(PHPUnit\TextUI\Configuration\Configuration), Object(PHPUnit\Runner\ResultCache\DefaultResultCache), Object(PHPUnit\Framework\TestSuite))
#15 C:\xampp\htdocs\DevOps_Project\vendor\phpunit\phpunit\phpunit(104): PHPUnit\TextUI\Application->run(Array)
#16 C:\xampp\htdocs\DevOps_Project\vendor\bin\phpunit(122): include('C:\\xampp\\htdocs...')
#17 {main}
ERROR - 2025-04-23 09:01:06 --> Exception: no such table: db_bon_livraison in C:\xampp\htdocs\DevOps_Project\system\Database\SQLite3\Connection.php:175
Stack trace:
#0 C:\xampp\htdocs\DevOps_Project\system\Database\SQLite3\Connection.php(175): SQLite3->exec('INSERT INTO `db...')
#1 C:\xampp\htdocs\DevOps_Project\system\Database\BaseConnection.php(738): CodeIgniter\Database\SQLite3\Connection->execute('INSERT INTO `db...')
#2 C:\xampp\htdocs\DevOps_Project\system\Database\BaseConnection.php(652): CodeIgniter\Database\BaseConnection->simpleQuery('INSERT INTO `db...')
#3 C:\xampp\htdocs\DevOps_Project\system\Database\BaseBuilder.php(2345): CodeIgniter\Database\BaseConnection->query('INSERT INTO `db...', Array, false)
#4 C:\xampp\htdocs\DevOps_Project\system\Model.php(394): CodeIgniter\Database\BaseBuilder->insert()
#5 C:\xampp\htdocs\DevOps_Project\system\BaseModel.php(839): CodeIgniter\Model->doInsert(Array)
#6 C:\xampp\htdocs\DevOps_Project\system\Model.php(800): CodeIgniter\BaseModel->insert(Array, true)
#7 C:\xampp\htdocs\DevOps_Project\tests\BonLivraisonModelTest.php(64): CodeIgniter\Model->insert(Array)
#8 C:\xampp\htdocs\DevOps_Project\vendor\phpunit\phpunit\src\Framework\TestCase.php(1656): App\Tests\Models\BonLivraisonModelTest->testDeleteBonLivraison()
#9 C:\xampp\htdocs\DevOps_Project\vendor\phpunit\phpunit\src\Framework\TestCase.php(514): PHPUnit\Framework\TestCase->runTest()
#10 C:\xampp\htdocs\DevOps_Project\vendor\phpunit\phpunit\src\Framework\TestRunner\TestRunner.php(87): PHPUnit\Framework\TestCase->runBare()
#11 C:\xampp\htdocs\DevOps_Project\vendor\phpunit\phpunit\src\Framework\TestCase.php(361): PHPUnit\Framework\TestRunner->run(Object(App\Tests\Models\BonLivraisonModelTest))
#12 C:\xampp\htdocs\DevOps_Project\vendor\phpunit\phpunit\src\Framework\TestSuite.php(369): PHPUnit\Framework\TestCase->run()
#13 C:\xampp\htdocs\DevOps_Project\vendor\phpunit\phpunit\src\TextUI\TestRunner.php(64): PHPUnit\Framework\TestSuite->run()
#14 C:\xampp\htdocs\DevOps_Project\vendor\phpunit\phpunit\src\TextUI\Application.php(210): PHPUnit\TextUI\TestRunner->run(Object(PHPUnit\TextUI\Configuration\Configuration), Object(PHPUnit\Runner\ResultCache\DefaultResultCache), Object(PHPUnit\Framework\TestSuite))
#15 C:\xampp\htdocs\DevOps_Project\vendor\phpunit\phpunit\phpunit(104): PHPUnit\TextUI\Application->run(Array)
#16 C:\xampp\htdocs\DevOps_Project\vendor\bin\phpunit(122): include('C:\\xampp\\htdocs...')
#17 {main}
ERROR - 2025-04-23 09:01:35 --> Exception: no such table: db_bon_livraison in C:\xampp\htdocs\DevOps_Project\system\Database\SQLite3\Connection.php:175
Stack trace:
#0 C:\xampp\htdocs\DevOps_Project\system\Database\SQLite3\Connection.php(175): SQLite3->exec('INSERT INTO `db...')
#1 C:\xampp\htdocs\DevOps_Project\system\Database\BaseConnection.php(738): CodeIgniter\Database\SQLite3\Connection->execute('INSERT INTO `db...')
#2 C:\xampp\htdocs\DevOps_Project\system\Database\BaseConnection.php(652): CodeIgniter\Database\BaseConnection->simpleQuery('INSERT INTO `db...')
#3 C:\xampp\htdocs\DevOps_Project\system\Database\BaseBuilder.php(2345): CodeIgniter\Database\BaseConnection->query('INSERT INTO `db...', Array, false)
#4 C:\xampp\htdocs\DevOps_Project\system\Model.php(394): CodeIgniter\Database\BaseBuilder->insert()
#5 C:\xampp\htdocs\DevOps_Project\system\BaseModel.php(839): CodeIgniter\Model->doInsert(Array)
#6 C:\xampp\htdocs\DevOps_Project\system\Model.php(800): CodeIgniter\BaseModel->insert(Array, true)
#7 C:\xampp\htdocs\DevOps_Project\tests\BonLivraisonModelTest.php(26): CodeIgniter\Model->insert(Array)
#8 C:\xampp\htdocs\DevOps_Project\vendor\phpunit\phpunit\src\Framework\TestCase.php(1656): App\Tests\Models\BonLivraisonModelTest->testInsertBonLivraison()
#9 C:\xampp\htdocs\DevOps_Project\vendor\phpunit\phpunit\src\Framework\TestCase.php(514): PHPUnit\Framework\TestCase->runTest()
#10 C:\xampp\htdocs\DevOps_Project\vendor\phpunit\phpunit\src\Framework\TestRunner\TestRunner.php(87): PHPUnit\Framework\TestCase->runBare()
#11 C:\xampp\htdocs\DevOps_Project\vendor\phpunit\phpunit\src\Framework\TestCase.php(361): PHPUnit\Framework\TestRunner->run(Object(App\Tests\Models\BonLivraisonModelTest))
#12 C:\xampp\htdocs\DevOps_Project\vendor\phpunit\phpunit\src\Framework\TestSuite.php(369): PHPUnit\Framework\TestCase->run()
#13 C:\xampp\htdocs\DevOps_Project\vendor\phpunit\phpunit\src\TextUI\TestRunner.php(64): PHPUnit\Framework\TestSuite->run()
#14 C:\xampp\htdocs\DevOps_Project\vendor\phpunit\phpunit\src\TextUI\Application.php(210): PHPUnit\TextUI\TestRunner->run(Object(PHPUnit\TextUI\Configuration\Configuration), Object(PHPUnit\Runner\ResultCache\DefaultResultCache), Object(PHPUnit\Framework\TestSuite))
#15 C:\xampp\htdocs\DevOps_Project\vendor\phpunit\phpunit\phpunit(104): PHPUnit\TextUI\Application->run(Array)
#16 C:\xampp\htdocs\DevOps_Project\vendor\bin\phpunit(122): include('C:\\xampp\\htdocs...')
#17 {main}
ERROR - 2025-04-23 09:01:35 --> Exception: no such table: db_bon_livraison in C:\xampp\htdocs\DevOps_Project\system\Database\SQLite3\Connection.php:175
Stack trace:
#0 C:\xampp\htdocs\DevOps_Project\system\Database\SQLite3\Connection.php(175): SQLite3->exec('INSERT INTO `db...')
#1 C:\xampp\htdocs\DevOps_Project\system\Database\BaseConnection.php(738): CodeIgniter\Database\SQLite3\Connection->execute('INSERT INTO `db...')
#2 C:\xampp\htdocs\DevOps_Project\system\Database\BaseConnection.php(652): CodeIgniter\Database\BaseConnection->simpleQuery('INSERT INTO `db...')
#3 C:\xampp\htdocs\DevOps_Project\system\Database\BaseBuilder.php(2345): CodeIgniter\Database\BaseConnection->query('INSERT INTO `db...', Array, false)
#4 C:\xampp\htdocs\DevOps_Project\system\Model.php(394): CodeIgniter\Database\BaseBuilder->insert()
#5 C:\xampp\htdocs\DevOps_Project\system\BaseModel.php(839): CodeIgniter\Model->doInsert(Array)
#6 C:\xampp\htdocs\DevOps_Project\system\Model.php(800): CodeIgniter\BaseModel->insert(Array, true)
#7 C:\xampp\htdocs\DevOps_Project\tests\BonLivraisonModelTest.php(40): CodeIgniter\Model->insert(Array)
#8 C:\xampp\htdocs\DevOps_Project\vendor\phpunit\phpunit\src\Framework\TestCase.php(1656): App\Tests\Models\BonLivraisonModelTest->testFindBonLivraison()
#9 C:\xampp\htdocs\DevOps_Project\vendor\phpunit\phpunit\src\Framework\TestCase.php(514): PHPUnit\Framework\TestCase->runTest()
#10 C:\xampp\htdocs\DevOps_Project\vendor\phpunit\phpunit\src\Framework\TestRunner\TestRunner.php(87): PHPUnit\Framework\TestCase->runBare()
#11 C:\xampp\htdocs\DevOps_Project\vendor\phpunit\phpunit\src\Framework\TestCase.php(361): PHPUnit\Framework\TestRunner->run(Object(App\Tests\Models\BonLivraisonModelTest))
#12 C:\xampp\htdocs\DevOps_Project\vendor\phpunit\phpunit\src\Framework\TestSuite.php(369): PHPUnit\Framework\TestCase->run()
#13 C:\xampp\htdocs\DevOps_Project\vendor\phpunit\phpunit\src\TextUI\TestRunner.php(64): PHPUnit\Framework\TestSuite->run()
#14 C:\xampp\htdocs\DevOps_Project\vendor\phpunit\phpunit\src\TextUI\Application.php(210): PHPUnit\TextUI\TestRunner->run(Object(PHPUnit\TextUI\Configuration\Configuration), Object(PHPUnit\Runner\ResultCache\DefaultResultCache), Object(PHPUnit\Framework\TestSuite))
#15 C:\xampp\htdocs\DevOps_Project\vendor\phpunit\phpunit\phpunit(104): PHPUnit\TextUI\Application->run(Array)
#16 C:\xampp\htdocs\DevOps_Project\vendor\bin\phpunit(122): include('C:\\xampp\\htdocs...')
#17 {main}
ERROR - 2025-04-23 09:01:35 --> Exception: no such table: db_bon_livraison in C:\xampp\htdocs\DevOps_Project\system\Database\SQLite3\Connection.php:175
Stack trace:
#0 C:\xampp\htdocs\DevOps_Project\system\Database\SQLite3\Connection.php(175): SQLite3->exec('INSERT INTO `db...')
#1 C:\xampp\htdocs\DevOps_Project\system\Database\BaseConnection.php(738): CodeIgniter\Database\SQLite3\Connection->execute('INSERT INTO `db...')
#2 C:\xampp\htdocs\DevOps_Project\system\Database\BaseConnection.php(652): CodeIgniter\Database\BaseConnection->simpleQuery('INSERT INTO `db...')
#3 C:\xampp\htdocs\DevOps_Project\system\Database\BaseBuilder.php(2345): CodeIgniter\Database\BaseConnection->query('INSERT INTO `db...', Array, false)
#4 C:\xampp\htdocs\DevOps_Project\system\Model.php(394): CodeIgniter\Database\BaseBuilder->insert()
#5 C:\xampp\htdocs\DevOps_Project\system\BaseModel.php(839): CodeIgniter\Model->doInsert(Array)
#6 C:\xampp\htdocs\DevOps_Project\system\Model.php(800): CodeIgniter\BaseModel->insert(Array, true)
#7 C:\xampp\htdocs\DevOps_Project\tests\BonLivraisonModelTest.php(50): CodeIgniter\Model->insert(Array)
#8 C:\xampp\htdocs\DevOps_Project\vendor\phpunit\phpunit\src\Framework\TestCase.php(1656): App\Tests\Models\BonLivraisonModelTest->testUpdateBonLivraison()
#9 C:\xampp\htdocs\DevOps_Project\vendor\phpunit\phpunit\src\Framework\TestCase.php(514): PHPUnit\Framework\TestCase->runTest()
#10 C:\xampp\htdocs\DevOps_Project\vendor\phpunit\phpunit\src\Framework\TestRunner\TestRunner.php(87): PHPUnit\Framework\TestCase->runBare()
#11 C:\xampp\htdocs\DevOps_Project\vendor\phpunit\phpunit\src\Framework\TestCase.php(361): PHPUnit\Framework\TestRunner->run(Object(App\Tests\Models\BonLivraisonModelTest))
#12 C:\xampp\htdocs\DevOps_Project\vendor\phpunit\phpunit\src\Framework\TestSuite.php(369): PHPUnit\Framework\TestCase->run()
#13 C:\xampp\htdocs\DevOps_Project\vendor\phpunit\phpunit\src\TextUI\TestRunner.php(64): PHPUnit\Framework\TestSuite->run()
#14 C:\xampp\htdocs\DevOps_Project\vendor\phpunit\phpunit\src\TextUI\Application.php(210): PHPUnit\TextUI\TestRunner->run(Object(PHPUnit\TextUI\Configuration\Configuration), Object(PHPUnit\Runner\ResultCache\DefaultResultCache), Object(PHPUnit\Framework\TestSuite))
#15 C:\xampp\htdocs\DevOps_Project\vendor\phpunit\phpunit\phpunit(104): PHPUnit\TextUI\Application->run(Array)
#16 C:\xampp\htdocs\DevOps_Project\vendor\bin\phpunit(122): include('C:\\xampp\\htdocs...')
#17 {main}
ERROR - 2025-04-23 09:01:35 --> Exception: no such table: db_bon_livraison in C:\xampp\htdocs\DevOps_Project\system\Database\SQLite3\Connection.php:175
Stack trace:
#0 C:\xampp\htdocs\DevOps_Project\system\Database\SQLite3\Connection.php(175): SQLite3->exec('INSERT INTO `db...')
#1 C:\xampp\htdocs\DevOps_Project\system\Database\BaseConnection.php(738): CodeIgniter\Database\SQLite3\Connection->execute('INSERT INTO `db...')
#2 C:\xampp\htdocs\DevOps_Project\system\Database\BaseConnection.php(652): CodeIgniter\Database\BaseConnection->simpleQuery('INSERT INTO `db...')
#3 C:\xampp\htdocs\DevOps_Project\system\Database\BaseBuilder.php(2345): CodeIgniter\Database\BaseConnection->query('INSERT INTO `db...', Array, false)
#4 C:\xampp\htdocs\DevOps_Project\system\Model.php(394): CodeIgniter\Database\BaseBuilder->insert()
#5 C:\xampp\htdocs\DevOps_Project\system\BaseModel.php(839): CodeIgniter\Model->doInsert(Array)
#6 C:\xampp\htdocs\DevOps_Project\system\Model.php(800): CodeIgniter\BaseModel->insert(Array, true)
#7 C:\xampp\htdocs\DevOps_Project\tests\BonLivraisonModelTest.php(64): CodeIgniter\Model->insert(Array)
#8 C:\xampp\htdocs\DevOps_Project\vendor\phpunit\phpunit\src\Framework\TestCase.php(1656): App\Tests\Models\BonLivraisonModelTest->testDeleteBonLivraison()
#9 C:\xampp\htdocs\DevOps_Project\vendor\phpunit\phpunit\src\Framework\TestCase.php(514): PHPUnit\Framework\TestCase->runTest()
#10 C:\xampp\htdocs\DevOps_Project\vendor\phpunit\phpunit\src\Framework\TestRunner\TestRunner.php(87): PHPUnit\Framework\TestCase->runBare()
#11 C:\xampp\htdocs\DevOps_Project\vendor\phpunit\phpunit\src\Framework\TestCase.php(361): PHPUnit\Framework\TestRunner->run(Object(App\Tests\Models\BonLivraisonModelTest))
#12 C:\xampp\htdocs\DevOps_Project\vendor\phpunit\phpunit\src\Framework\TestSuite.php(369): PHPUnit\Framework\TestCase->run()
#13 C:\xampp\htdocs\DevOps_Project\vendor\phpunit\phpunit\src\TextUI\TestRunner.php(64): PHPUnit\Framework\TestSuite->run()
#14 C:\xampp\htdocs\DevOps_Project\vendor\phpunit\phpunit\src\TextUI\Application.php(210): PHPUnit\TextUI\TestRunner->run(Object(PHPUnit\TextUI\Configuration\Configuration), Object(PHPUnit\Runner\ResultCache\DefaultResultCache), Object(PHPUnit\Framework\TestSuite))
#15 C:\xampp\htdocs\DevOps_Project\vendor\phpunit\phpunit\phpunit(104): PHPUnit\TextUI\Application->run(Array)
#16 C:\xampp\htdocs\DevOps_Project\vendor\bin\phpunit(122): include('C:\\xampp\\htdocs...')
#17 {main}
ERROR - 2025-04-23 09:04:40 --> Exception: no such table: db_bon_livraison in C:\xampp\htdocs\DevOps_Project\system\Database\SQLite3\Connection.php:175
Stack trace:
#0 C:\xampp\htdocs\DevOps_Project\system\Database\SQLite3\Connection.php(175): SQLite3->exec('INSERT INTO `db...')
#1 C:\xampp\htdocs\DevOps_Project\system\Database\BaseConnection.php(738): CodeIgniter\Database\SQLite3\Connection->execute('INSERT INTO `db...')
#2 C:\xampp\htdocs\DevOps_Project\system\Database\BaseConnection.php(652): CodeIgniter\Database\BaseConnection->simpleQuery('INSERT INTO `db...')
#3 C:\xampp\htdocs\DevOps_Project\system\Database\BaseBuilder.php(2345): CodeIgniter\Database\BaseConnection->query('INSERT INTO `db...', Array, false)
#4 C:\xampp\htdocs\DevOps_Project\system\Model.php(394): CodeIgniter\Database\BaseBuilder->insert()
#5 C:\xampp\htdocs\DevOps_Project\system\BaseModel.php(839): CodeIgniter\Model->doInsert(Array)
#6 C:\xampp\htdocs\DevOps_Project\system\Model.php(800): CodeIgniter\BaseModel->insert(Array, true)
#7 C:\xampp\htdocs\DevOps_Project\tests\BonLivraisonModelTest.php(26): CodeIgniter\Model->insert(Array)
#8 C:\xampp\htdocs\DevOps_Project\vendor\phpunit\phpunit\src\Framework\TestCase.php(1656): App\Tests\Models\BonLivraisonModelTest->testInsertBonLivraison()
#9 C:\xampp\htdocs\DevOps_Project\vendor\phpunit\phpunit\src\Framework\TestCase.php(514): PHPUnit\Framework\TestCase->runTest()
#10 C:\xampp\htdocs\DevOps_Project\vendor\phpunit\phpunit\src\Framework\TestRunner\TestRunner.php(87): PHPUnit\Framework\TestCase->runBare()
#11 C:\xampp\htdocs\DevOps_Project\vendor\phpunit\phpunit\src\Framework\TestCase.php(361): PHPUnit\Framework\TestRunner->run(Object(App\Tests\Models\BonLivraisonModelTest))
#12 C:\xampp\htdocs\DevOps_Project\vendor\phpunit\phpunit\src\Framework\TestSuite.php(369): PHPUnit\Framework\TestCase->run()
#13 C:\xampp\htdocs\DevOps_Project\vendor\phpunit\phpunit\src\TextUI\TestRunner.php(64): PHPUnit\Framework\TestSuite->run()
#14 C:\xampp\htdocs\DevOps_Project\vendor\phpunit\phpunit\src\TextUI\Application.php(210): PHPUnit\TextUI\TestRunner->run(Object(PHPUnit\TextUI\Configuration\Configuration), Object(PHPUnit\Runner\ResultCache\DefaultResultCache), Object(PHPUnit\Framework\TestSuite))
#15 C:\xampp\htdocs\DevOps_Project\vendor\phpunit\phpunit\phpunit(104): PHPUnit\TextUI\Application->run(Array)
#16 C:\xampp\htdocs\DevOps_Project\vendor\bin\phpunit(122): include('C:\\xampp\\htdocs...')
#17 {main}
ERROR - 2025-04-23 09:04:40 --> Exception: no such table: db_bon_livraison in C:\xampp\htdocs\DevOps_Project\system\Database\SQLite3\Connection.php:175
Stack trace:
#0 C:\xampp\htdocs\DevOps_Project\system\Database\SQLite3\Connection.php(175): SQLite3->exec('INSERT INTO `db...')
#1 C:\xampp\htdocs\DevOps_Project\system\Database\BaseConnection.php(738): CodeIgniter\Database\SQLite3\Connection->execute('INSERT INTO `db...')
#2 C:\xampp\htdocs\DevOps_Project\system\Database\BaseConnection.php(652): CodeIgniter\Database\BaseConnection->simpleQuery('INSERT INTO `db...')
#3 C:\xampp\htdocs\DevOps_Project\system\Database\BaseBuilder.php(2345): CodeIgniter\Database\BaseConnection->query('INSERT INTO `db...', Array, false)
#4 C:\xampp\htdocs\DevOps_Project\system\Model.php(394): CodeIgniter\Database\BaseBuilder->insert()
#5 C:\xampp\htdocs\DevOps_Project\system\BaseModel.php(839): CodeIgniter\Model->doInsert(Array)
#6 C:\xampp\htdocs\DevOps_Project\system\Model.php(800): CodeIgniter\BaseModel->insert(Array, true)
#7 C:\xampp\htdocs\DevOps_Project\tests\BonLivraisonModelTest.php(40): CodeIgniter\Model->insert(Array)
#8 C:\xampp\htdocs\DevOps_Project\vendor\phpunit\phpunit\src\Framework\TestCase.php(1656): App\Tests\Models\BonLivraisonModelTest->testFindBonLivraison()
#9 C:\xampp\htdocs\DevOps_Project\vendor\phpunit\phpunit\src\Framework\TestCase.php(514): PHPUnit\Framework\TestCase->runTest()
#10 C:\xampp\htdocs\DevOps_Project\vendor\phpunit\phpunit\src\Framework\TestRunner\TestRunner.php(87): PHPUnit\Framework\TestCase->runBare()
#11 C:\xampp\htdocs\DevOps_Project\vendor\phpunit\phpunit\src\Framework\TestCase.php(361): PHPUnit\Framework\TestRunner->run(Object(App\Tests\Models\BonLivraisonModelTest))
#12 C:\xampp\htdocs\DevOps_Project\vendor\phpunit\phpunit\src\Framework\TestSuite.php(369): PHPUnit\Framework\TestCase->run()
#13 C:\xampp\htdocs\DevOps_Project\vendor\phpunit\phpunit\src\TextUI\TestRunner.php(64): PHPUnit\Framework\TestSuite->run()
#14 C:\xampp\htdocs\DevOps_Project\vendor\phpunit\phpunit\src\TextUI\Application.php(210): PHPUnit\TextUI\TestRunner->run(Object(PHPUnit\TextUI\Configuration\Configuration), Object(PHPUnit\Runner\ResultCache\DefaultResultCache), Object(PHPUnit\Framework\TestSuite))
#15 C:\xampp\htdocs\DevOps_Project\vendor\phpunit\phpunit\phpunit(104): PHPUnit\TextUI\Application->run(Array)
#16 C:\xampp\htdocs\DevOps_Project\vendor\bin\phpunit(122): include('C:\\xampp\\htdocs...')
#17 {main}
ERROR - 2025-04-23 09:04:40 --> Exception: no such table: db_bon_livraison in C:\xampp\htdocs\DevOps_Project\system\Database\SQLite3\Connection.php:175
Stack trace:
#0 C:\xampp\htdocs\DevOps_Project\system\Database\SQLite3\Connection.php(175): SQLite3->exec('INSERT INTO `db...')
#1 C:\xampp\htdocs\DevOps_Project\system\Database\BaseConnection.php(738): CodeIgniter\Database\SQLite3\Connection->execute('INSERT INTO `db...')
#2 C:\xampp\htdocs\DevOps_Project\system\Database\BaseConnection.php(652): CodeIgniter\Database\BaseConnection->simpleQuery('INSERT INTO `db...')
#3 C:\xampp\htdocs\DevOps_Project\system\Database\BaseBuilder.php(2345): CodeIgniter\Database\BaseConnection->query('INSERT INTO `db...', Array, false)
#4 C:\xampp\htdocs\DevOps_Project\system\Model.php(394): CodeIgniter\Database\BaseBuilder->insert()
#5 C:\xampp\htdocs\DevOps_Project\system\BaseModel.php(839): CodeIgniter\Model->doInsert(Array)
#6 C:\xampp\htdocs\DevOps_Project\system\Model.php(800): CodeIgniter\BaseModel->insert(Array, true)
#7 C:\xampp\htdocs\DevOps_Project\tests\BonLivraisonModelTest.php(50): CodeIgniter\Model->insert(Array)
#8 C:\xampp\htdocs\DevOps_Project\vendor\phpunit\phpunit\src\Framework\TestCase.php(1656): App\Tests\Models\BonLivraisonModelTest->testUpdateBonLivraison()
#9 C:\xampp\htdocs\DevOps_Project\vendor\phpunit\phpunit\src\Framework\TestCase.php(514): PHPUnit\Framework\TestCase->runTest()
#10 C:\xampp\htdocs\DevOps_Project\vendor\phpunit\phpunit\src\Framework\TestRunner\TestRunner.php(87): PHPUnit\Framework\TestCase->runBare()
#11 C:\xampp\htdocs\DevOps_Project\vendor\phpunit\phpunit\src\Framework\TestCase.php(361): PHPUnit\Framework\TestRunner->run(Object(App\Tests\Models\BonLivraisonModelTest))
#12 C:\xampp\htdocs\DevOps_Project\vendor\phpunit\phpunit\src\Framework\TestSuite.php(369): PHPUnit\Framework\TestCase->run()
#13 C:\xampp\htdocs\DevOps_Project\vendor\phpunit\phpunit\src\TextUI\TestRunner.php(64): PHPUnit\Framework\TestSuite->run()
#14 C:\xampp\htdocs\DevOps_Project\vendor\phpunit\phpunit\src\TextUI\Application.php(210): PHPUnit\TextUI\TestRunner->run(Object(PHPUnit\TextUI\Configuration\Configuration), Object(PHPUnit\Runner\ResultCache\DefaultResultCache), Object(PHPUnit\Framework\TestSuite))
#15 C:\xampp\htdocs\DevOps_Project\vendor\phpunit\phpunit\phpunit(104): PHPUnit\TextUI\Application->run(Array)
#16 C:\xampp\htdocs\DevOps_Project\vendor\bin\phpunit(122): include('C:\\xampp\\htdocs...')
#17 {main}
ERROR - 2025-04-23 09:04:40 --> Exception: no such table: db_bon_livraison in C:\xampp\htdocs\DevOps_Project\system\Database\SQLite3\Connection.php:175
Stack trace:
#0 C:\xampp\htdocs\DevOps_Project\system\Database\SQLite3\Connection.php(175): SQLite3->exec('INSERT INTO `db...')
#1 C:\xampp\htdocs\DevOps_Project\system\Database\BaseConnection.php(738): CodeIgniter\Database\SQLite3\Connection->execute('INSERT INTO `db...')
#2 C:\xampp\htdocs\DevOps_Project\system\Database\BaseConnection.php(652): CodeIgniter\Database\BaseConnection->simpleQuery('INSERT INTO `db...')
#3 C:\xampp\htdocs\DevOps_Project\system\Database\BaseBuilder.php(2345): CodeIgniter\Database\BaseConnection->query('INSERT INTO `db...', Array, false)
#4 C:\xampp\htdocs\DevOps_Project\system\Model.php(394): CodeIgniter\Database\BaseBuilder->insert()
#5 C:\xampp\htdocs\DevOps_Project\system\BaseModel.php(839): CodeIgniter\Model->doInsert(Array)
#6 C:\xampp\htdocs\DevOps_Project\system\Model.php(800): CodeIgniter\BaseModel->insert(Array, true)
#7 C:\xampp\htdocs\DevOps_Project\tests\BonLivraisonModelTest.php(64): CodeIgniter\Model->insert(Array)
#8 C:\xampp\htdocs\DevOps_Project\vendor\phpunit\phpunit\src\Framework\TestCase.php(1656): App\Tests\Models\BonLivraisonModelTest->testDeleteBonLivraison()
#9 C:\xampp\htdocs\DevOps_Project\vendor\phpunit\phpunit\src\Framework\TestCase.php(514): PHPUnit\Framework\TestCase->runTest()
#10 C:\xampp\htdocs\DevOps_Project\vendor\phpunit\phpunit\src\Framework\TestRunner\TestRunner.php(87): PHPUnit\Framework\TestCase->runBare()
#11 C:\xampp\htdocs\DevOps_Project\vendor\phpunit\phpunit\src\Framework\TestCase.php(361): PHPUnit\Framework\TestRunner->run(Object(App\Tests\Models\BonLivraisonModelTest))
#12 C:\xampp\htdocs\DevOps_Project\vendor\phpunit\phpunit\src\Framework\TestSuite.php(369): PHPUnit\Framework\TestCase->run()
#13 C:\xampp\htdocs\DevOps_Project\vendor\phpunit\phpunit\src\TextUI\TestRunner.php(64): PHPUnit\Framework\TestSuite->run()
#14 C:\xampp\htdocs\DevOps_Project\vendor\phpunit\phpunit\src\TextUI\Application.php(210): PHPUnit\TextUI\TestRunner->run(Object(PHPUnit\TextUI\Configuration\Configuration), Object(PHPUnit\Runner\ResultCache\DefaultResultCache), Object(PHPUnit\Framework\TestSuite))
#15 C:\xampp\htdocs\DevOps_Project\vendor\phpunit\phpunit\phpunit(104): PHPUnit\TextUI\Application->run(Array)
#16 C:\xampp\htdocs\DevOps_Project\vendor\bin\phpunit(122): include('C:\\xampp\\htdocs...')
#17 {main}
ERROR - 2025-04-23 09:06:19 --> Exception: no such table: db_bon_livraison in C:\xampp\htdocs\DevOps_Project\system\Database\SQLite3\Connection.php:175
Stack trace:
#0 C:\xampp\htdocs\DevOps_Project\system\Database\SQLite3\Connection.php(175): SQLite3->exec('INSERT INTO `db...')
#1 C:\xampp\htdocs\DevOps_Project\system\Database\BaseConnection.php(738): CodeIgniter\Database\SQLite3\Connection->execute('INSERT INTO `db...')
#2 C:\xampp\htdocs\DevOps_Project\system\Database\BaseConnection.php(652): CodeIgniter\Database\BaseConnection->simpleQuery('INSERT INTO `db...')
#3 C:\xampp\htdocs\DevOps_Project\system\Database\BaseBuilder.php(2345): CodeIgniter\Database\BaseConnection->query('INSERT INTO `db...', Array, false)
#4 C:\xampp\htdocs\DevOps_Project\system\Model.php(394): CodeIgniter\Database\BaseBuilder->insert()
#5 C:\xampp\htdocs\DevOps_Project\system\BaseModel.php(839): CodeIgniter\Model->doInsert(Array)
#6 C:\xampp\htdocs\DevOps_Project\system\Model.php(800): CodeIgniter\BaseModel->insert(Array, true)
#7 C:\xampp\htdocs\DevOps_Project\tests\BonLivraisonModelTest.php(26): CodeIgniter\Model->insert(Array)
#8 C:\xampp\htdocs\DevOps_Project\vendor\phpunit\phpunit\src\Framework\TestCase.php(1656): App\Tests\Models\BonLivraisonModelTest->testInsertBonLivraison()
#9 C:\xampp\htdocs\DevOps_Project\vendor\phpunit\phpunit\src\Framework\TestCase.php(514): PHPUnit\Framework\TestCase->runTest()
#10 C:\xampp\htdocs\DevOps_Project\vendor\phpunit\phpunit\src\Framework\TestRunner\TestRunner.php(87): PHPUnit\Framework\TestCase->runBare()
#11 C:\xampp\htdocs\DevOps_Project\vendor\phpunit\phpunit\src\Framework\TestCase.php(361): PHPUnit\Framework\TestRunner->run(Object(App\Tests\Models\BonLivraisonModelTest))
#12 C:\xampp\htdocs\DevOps_Project\vendor\phpunit\phpunit\src\Framework\TestSuite.php(369): PHPUnit\Framework\TestCase->run()
#13 C:\xampp\htdocs\DevOps_Project\vendor\phpunit\phpunit\src\TextUI\TestRunner.php(64): PHPUnit\Framework\TestSuite->run()
#14 C:\xampp\htdocs\DevOps_Project\vendor\phpunit\phpunit\src\TextUI\Application.php(210): PHPUnit\TextUI\TestRunner->run(Object(PHPUnit\TextUI\Configuration\Configuration), Object(PHPUnit\Runner\ResultCache\DefaultResultCache), Object(PHPUnit\Framework\TestSuite))
#15 C:\xampp\htdocs\DevOps_Project\vendor\phpunit\phpunit\phpunit(104): PHPUnit\TextUI\Application->run(Array)
#16 C:\xampp\htdocs\DevOps_Project\vendor\bin\phpunit(122): include('C:\\xampp\\htdocs...')
#17 {main}
ERROR - 2025-04-23 09:06:20 --> Exception: no such table: db_bon_livraison in C:\xampp\htdocs\DevOps_Project\system\Database\SQLite3\Connection.php:175
Stack trace:
#0 C:\xampp\htdocs\DevOps_Project\system\Database\SQLite3\Connection.php(175): SQLite3->exec('INSERT INTO `db...')
#1 C:\xampp\htdocs\DevOps_Project\system\Database\BaseConnection.php(738): CodeIgniter\Database\SQLite3\Connection->execute('INSERT INTO `db...')
#2 C:\xampp\htdocs\DevOps_Project\system\Database\BaseConnection.php(652): CodeIgniter\Database\BaseConnection->simpleQuery('INSERT INTO `db...')
#3 C:\xampp\htdocs\DevOps_Project\system\Database\BaseBuilder.php(2345): CodeIgniter\Database\BaseConnection->query('INSERT INTO `db...', Array, false)
#4 C:\xampp\htdocs\DevOps_Project\system\Model.php(394): CodeIgniter\Database\BaseBuilder->insert()
#5 C:\xampp\htdocs\DevOps_Project\system\BaseModel.php(839): CodeIgniter\Model->doInsert(Array)
#6 C:\xampp\htdocs\DevOps_Project\system\Model.php(800): CodeIgniter\BaseModel->insert(Array, true)
#7 C:\xampp\htdocs\DevOps_Project\tests\BonLivraisonModelTest.php(40): CodeIgniter\Model->insert(Array)
#8 C:\xampp\htdocs\DevOps_Project\vendor\phpunit\phpunit\src\Framework\TestCase.php(1656): App\Tests\Models\BonLivraisonModelTest->testFindBonLivraison()
#9 C:\xampp\htdocs\DevOps_Project\vendor\phpunit\phpunit\src\Framework\TestCase.php(514): PHPUnit\Framework\TestCase->runTest()
#10 C:\xampp\htdocs\DevOps_Project\vendor\phpunit\phpunit\src\Framework\TestRunner\TestRunner.php(87): PHPUnit\Framework\TestCase->runBare()
#11 C:\xampp\htdocs\DevOps_Project\vendor\phpunit\phpunit\src\Framework\TestCase.php(361): PHPUnit\Framework\TestRunner->run(Object(App\Tests\Models\BonLivraisonModelTest))
#12 C:\xampp\htdocs\DevOps_Project\vendor\phpunit\phpunit\src\Framework\TestSuite.php(369): PHPUnit\Framework\TestCase->run()
#13 C:\xampp\htdocs\DevOps_Project\vendor\phpunit\phpunit\src\TextUI\TestRunner.php(64): PHPUnit\Framework\TestSuite->run()
#14 C:\xampp\htdocs\DevOps_Project\vendor\phpunit\phpunit\src\TextUI\Application.php(210): PHPUnit\TextUI\TestRunner->run(Object(PHPUnit\TextUI\Configuration\Configuration), Object(PHPUnit\Runner\ResultCache\DefaultResultCache), Object(PHPUnit\Framework\TestSuite))
#15 C:\xampp\htdocs\DevOps_Project\vendor\phpunit\phpunit\phpunit(104): PHPUnit\TextUI\Application->run(Array)
#16 C:\xampp\htdocs\DevOps_Project\vendor\bin\phpunit(122): include('C:\\xampp\\htdocs...')
#17 {main}
ERROR - 2025-04-23 09:06:20 --> Exception: no such table: db_bon_livraison in C:\xampp\htdocs\DevOps_Project\system\Database\SQLite3\Connection.php:175
Stack trace:
#0 C:\xampp\htdocs\DevOps_Project\system\Database\SQLite3\Connection.php(175): SQLite3->exec('INSERT INTO `db...')
#1 C:\xampp\htdocs\DevOps_Project\system\Database\BaseConnection.php(738): CodeIgniter\Database\SQLite3\Connection->execute('INSERT INTO `db...')
#2 C:\xampp\htdocs\DevOps_Project\system\Database\BaseConnection.php(652): CodeIgniter\Database\BaseConnection->simpleQuery('INSERT INTO `db...')
#3 C:\xampp\htdocs\DevOps_Project\system\Database\BaseBuilder.php(2345): CodeIgniter\Database\BaseConnection->query('INSERT INTO `db...', Array, false)
#4 C:\xampp\htdocs\DevOps_Project\system\Model.php(394): CodeIgniter\Database\BaseBuilder->insert()
#5 C:\xampp\htdocs\DevOps_Project\system\BaseModel.php(839): CodeIgniter\Model->doInsert(Array)
#6 C:\xampp\htdocs\DevOps_Project\system\Model.php(800): CodeIgniter\BaseModel->insert(Array, true)
#7 C:\xampp\htdocs\DevOps_Project\tests\BonLivraisonModelTest.php(50): CodeIgniter\Model->insert(Array)
#8 C:\xampp\htdocs\DevOps_Project\vendor\phpunit\phpunit\src\Framework\TestCase.php(1656): App\Tests\Models\BonLivraisonModelTest->testUpdateBonLivraison()
#9 C:\xampp\htdocs\DevOps_Project\vendor\phpunit\phpunit\src\Framework\TestCase.php(514): PHPUnit\Framework\TestCase->runTest()
#10 C:\xampp\htdocs\DevOps_Project\vendor\phpunit\phpunit\src\Framework\TestRunner\TestRunner.php(87): PHPUnit\Framework\TestCase->runBare()
#11 C:\xampp\htdocs\DevOps_Project\vendor\phpunit\phpunit\src\Framework\TestCase.php(361): PHPUnit\Framework\TestRunner->run(Object(App\Tests\Models\BonLivraisonModelTest))
#12 C:\xampp\htdocs\DevOps_Project\vendor\phpunit\phpunit\src\Framework\TestSuite.php(369): PHPUnit\Framework\TestCase->run()
#13 C:\xampp\htdocs\DevOps_Project\vendor\phpunit\phpunit\src\TextUI\TestRunner.php(64): PHPUnit\Framework\TestSuite->run()
#14 C:\xampp\htdocs\DevOps_Project\vendor\phpunit\phpunit\src\TextUI\Application.php(210): PHPUnit\TextUI\TestRunner->run(Object(PHPUnit\TextUI\Configuration\Configuration), Object(PHPUnit\Runner\ResultCache\DefaultResultCache), Object(PHPUnit\Framework\TestSuite))
#15 C:\xampp\htdocs\DevOps_Project\vendor\phpunit\phpunit\phpunit(104): PHPUnit\TextUI\Application->run(Array)
#16 C:\xampp\htdocs\DevOps_Project\vendor\bin\phpunit(122): include('C:\\xampp\\htdocs...')
#17 {main}
ERROR - 2025-04-23 09:06:20 --> Exception: no such table: db_bon_livraison in C:\xampp\htdocs\DevOps_Project\system\Database\SQLite3\Connection.php:175
Stack trace:
#0 C:\xampp\htdocs\DevOps_Project\system\Database\SQLite3\Connection.php(175): SQLite3->exec('INSERT INTO `db...')
#1 C:\xampp\htdocs\DevOps_Project\system\Database\BaseConnection.php(738): CodeIgniter\Database\SQLite3\Connection->execute('INSERT INTO `db...')
#2 C:\xampp\htdocs\DevOps_Project\system\Database\BaseConnection.php(652): CodeIgniter\Database\BaseConnection->simpleQuery('INSERT INTO `db...')
#3 C:\xampp\htdocs\DevOps_Project\system\Database\BaseBuilder.php(2345): CodeIgniter\Database\BaseConnection->query('INSERT INTO `db...', Array, false)
#4 C:\xampp\htdocs\DevOps_Project\system\Model.php(394): CodeIgniter\Database\BaseBuilder->insert()
#5 C:\xampp\htdocs\DevOps_Project\system\BaseModel.php(839): CodeIgniter\Model->doInsert(Array)
#6 C:\xampp\htdocs\DevOps_Project\system\Model.php(800): CodeIgniter\BaseModel->insert(Array, true)
#7 C:\xampp\htdocs\DevOps_Project\tests\BonLivraisonModelTest.php(64): CodeIgniter\Model->insert(Array)
#8 C:\xampp\htdocs\DevOps_Project\vendor\phpunit\phpunit\src\Framework\TestCase.php(1656): App\Tests\Models\BonLivraisonModelTest->testDeleteBonLivraison()
#9 C:\xampp\htdocs\DevOps_Project\vendor\phpunit\phpunit\src\Framework\TestCase.php(514): PHPUnit\Framework\TestCase->runTest()
#10 C:\xampp\htdocs\DevOps_Project\vendor\phpunit\phpunit\src\Framework\TestRunner\TestRunner.php(87): PHPUnit\Framework\TestCase->runBare()
#11 C:\xampp\htdocs\DevOps_Project\vendor\phpunit\phpunit\src\Framework\TestCase.php(361): PHPUnit\Framework\TestRunner->run(Object(App\Tests\Models\BonLivraisonModelTest))
#12 C:\xampp\htdocs\DevOps_Project\vendor\phpunit\phpunit\src\Framework\TestSuite.php(369): PHPUnit\Framework\TestCase->run()
#13 C:\xampp\htdocs\DevOps_Project\vendor\phpunit\phpunit\src\TextUI\TestRunner.php(64): PHPUnit\Framework\TestSuite->run()
#14 C:\xampp\htdocs\DevOps_Project\vendor\phpunit\phpunit\src\TextUI\Application.php(210): PHPUnit\TextUI\TestRunner->run(Object(PHPUnit\TextUI\Configuration\Configuration), Object(PHPUnit\Runner\ResultCache\DefaultResultCache), Object(PHPUnit\Framework\TestSuite))
#15 C:\xampp\htdocs\DevOps_Project\vendor\phpunit\phpunit\phpunit(104): PHPUnit\TextUI\Application->run(Array)
#16 C:\xampp\htdocs\DevOps_Project\vendor\bin\phpunit(122): include('C:\\xampp\\htdocs...')
#17 {main}
ERROR - 2025-04-23 09:07:23 --> Exception: no such table: db_bon_livraison in C:\xampp\htdocs\DevOps_Project\system\Database\SQLite3\Connection.php:175
Stack trace:
#0 C:\xampp\htdocs\DevOps_Project\system\Database\SQLite3\Connection.php(175): SQLite3->exec('INSERT INTO `db...')
#1 C:\xampp\htdocs\DevOps_Project\system\Database\BaseConnection.php(738): CodeIgniter\Database\SQLite3\Connection->execute('INSERT INTO `db...')
#2 C:\xampp\htdocs\DevOps_Project\system\Database\BaseConnection.php(652): CodeIgniter\Database\BaseConnection->simpleQuery('INSERT INTO `db...')
#3 C:\xampp\htdocs\DevOps_Project\system\Database\BaseBuilder.php(2345): CodeIgniter\Database\BaseConnection->query('INSERT INTO `db...', Array, false)
#4 C:\xampp\htdocs\DevOps_Project\system\Model.php(394): CodeIgniter\Database\BaseBuilder->insert()
#5 C:\xampp\htdocs\DevOps_Project\system\BaseModel.php(839): CodeIgniter\Model->doInsert(Array)
#6 C:\xampp\htdocs\DevOps_Project\system\Model.php(800): CodeIgniter\BaseModel->insert(Array, true)
#7 C:\xampp\htdocs\DevOps_Project\tests\BonLivraisonModelTest.php(26): CodeIgniter\Model->insert(Array)
#8 C:\xampp\htdocs\DevOps_Project\vendor\phpunit\phpunit\src\Framework\TestCase.php(1656): App\Tests\Models\BonLivraisonModelTest->testInsertBonLivraison()
#9 C:\xampp\htdocs\DevOps_Project\vendor\phpunit\phpunit\src\Framework\TestCase.php(514): PHPUnit\Framework\TestCase->runTest()
#10 C:\xampp\htdocs\DevOps_Project\vendor\phpunit\phpunit\src\Framework\TestRunner\TestRunner.php(87): PHPUnit\Framework\TestCase->runBare()
#11 C:\xampp\htdocs\DevOps_Project\vendor\phpunit\phpunit\src\Framework\TestCase.php(361): PHPUnit\Framework\TestRunner->run(Object(App\Tests\Models\BonLivraisonModelTest))
#12 C:\xampp\htdocs\DevOps_Project\vendor\phpunit\phpunit\src\Framework\TestSuite.php(369): PHPUnit\Framework\TestCase->run()
#13 C:\xampp\htdocs\DevOps_Project\vendor\phpunit\phpunit\src\TextUI\TestRunner.php(64): PHPUnit\Framework\TestSuite->run()
#14 C:\xampp\htdocs\DevOps_Project\vendor\phpunit\phpunit\src\TextUI\Application.php(210): PHPUnit\TextUI\TestRunner->run(Object(PHPUnit\TextUI\Configuration\Configuration), Object(PHPUnit\Runner\ResultCache\DefaultResultCache), Object(PHPUnit\Framework\TestSuite))
#15 C:\xampp\htdocs\DevOps_Project\vendor\phpunit\phpunit\phpunit(104): PHPUnit\TextUI\Application->run(Array)
#16 C:\xampp\htdocs\DevOps_Project\vendor\bin\phpunit(122): include('C:\\xampp\\htdocs...')
#17 {main}
ERROR - 2025-04-23 09:07:23 --> Exception: no such table: db_bon_livraison in C:\xampp\htdocs\DevOps_Project\system\Database\SQLite3\Connection.php:175
Stack trace:
#0 C:\xampp\htdocs\DevOps_Project\system\Database\SQLite3\Connection.php(175): SQLite3->exec('INSERT INTO `db...')
#1 C:\xampp\htdocs\DevOps_Project\system\Database\BaseConnection.php(738): CodeIgniter\Database\SQLite3\Connection->execute('INSERT INTO `db...')
#2 C:\xampp\htdocs\DevOps_Project\system\Database\BaseConnection.php(652): CodeIgniter\Database\BaseConnection->simpleQuery('INSERT INTO `db...')
#3 C:\xampp\htdocs\DevOps_Project\system\Database\BaseBuilder.php(2345): CodeIgniter\Database\BaseConnection->query('INSERT INTO `db...', Array, false)
#4 C:\xampp\htdocs\DevOps_Project\system\Model.php(394): CodeIgniter\Database\BaseBuilder->insert()
#5 C:\xampp\htdocs\DevOps_Project\system\BaseModel.php(839): CodeIgniter\Model->doInsert(Array)
#6 C:\xampp\htdocs\DevOps_Project\system\Model.php(800): CodeIgniter\BaseModel->insert(Array, true)
#7 C:\xampp\htdocs\DevOps_Project\tests\BonLivraisonModelTest.php(40): CodeIgniter\Model->insert(Array)
#8 C:\xampp\htdocs\DevOps_Project\vendor\phpunit\phpunit\src\Framework\TestCase.php(1656): App\Tests\Models\BonLivraisonModelTest->testFindBonLivraison()
#9 C:\xampp\htdocs\DevOps_Project\vendor\phpunit\phpunit\src\Framework\TestCase.php(514): PHPUnit\Framework\TestCase->runTest()
#10 C:\xampp\htdocs\DevOps_Project\vendor\phpunit\phpunit\src\Framework\TestRunner\TestRunner.php(87): PHPUnit\Framework\TestCase->runBare()
#11 C:\xampp\htdocs\DevOps_Project\vendor\phpunit\phpunit\src\Framework\TestCase.php(361): PHPUnit\Framework\TestRunner->run(Object(App\Tests\Models\BonLivraisonModelTest))
#12 C:\xampp\htdocs\DevOps_Project\vendor\phpunit\phpunit\src\Framework\TestSuite.php(369): PHPUnit\Framework\TestCase->run()
#13 C:\xampp\htdocs\DevOps_Project\vendor\phpunit\phpunit\src\TextUI\TestRunner.php(64): PHPUnit\Framework\TestSuite->run()
#14 C:\xampp\htdocs\DevOps_Project\vendor\phpunit\phpunit\src\TextUI\Application.php(210): PHPUnit\TextUI\TestRunner->run(Object(PHPUnit\TextUI\Configuration\Configuration), Object(PHPUnit\Runner\ResultCache\DefaultResultCache), Object(PHPUnit\Framework\TestSuite))
#15 C:\xampp\htdocs\DevOps_Project\vendor\phpunit\phpunit\phpunit(104): PHPUnit\TextUI\Application->run(Array)
#16 C:\xampp\htdocs\DevOps_Project\vendor\bin\phpunit(122): include('C:\\xampp\\htdocs...')
#17 {main}
ERROR - 2025-04-23 09:07:23 --> Exception: no such table: db_bon_livraison in C:\xampp\htdocs\DevOps_Project\system\Database\SQLite3\Connection.php:175
Stack trace:
#0 C:\xampp\htdocs\DevOps_Project\system\Database\SQLite3\Connection.php(175): SQLite3->exec('INSERT INTO `db...')
#1 C:\xampp\htdocs\DevOps_Project\system\Database\BaseConnection.php(738): CodeIgniter\Database\SQLite3\Connection->execute('INSERT INTO `db...')
#2 C:\xampp\htdocs\DevOps_Project\system\Database\BaseConnection.php(652): CodeIgniter\Database\BaseConnection->simpleQuery('INSERT INTO `db...')
#3 C:\xampp\htdocs\DevOps_Project\system\Database\BaseBuilder.php(2345): CodeIgniter\Database\BaseConnection->query('INSERT INTO `db...', Array, false)
#4 C:\xampp\htdocs\DevOps_Project\system\Model.php(394): CodeIgniter\Database\BaseBuilder->insert()
#5 C:\xampp\htdocs\DevOps_Project\system\BaseModel.php(839): CodeIgniter\Model->doInsert(Array)
#6 C:\xampp\htdocs\DevOps_Project\system\Model.php(800): CodeIgniter\BaseModel->insert(Array, true)
#7 C:\xampp\htdocs\DevOps_Project\tests\BonLivraisonModelTest.php(50): CodeIgniter\Model->insert(Array)
#8 C:\xampp\htdocs\DevOps_Project\vendor\phpunit\phpunit\src\Framework\TestCase.php(1656): App\Tests\Models\BonLivraisonModelTest->testUpdateBonLivraison()
#9 C:\xampp\htdocs\DevOps_Project\vendor\phpunit\phpunit\src\Framework\TestCase.php(514): PHPUnit\Framework\TestCase->runTest()
#10 C:\xampp\htdocs\DevOps_Project\vendor\phpunit\phpunit\src\Framework\TestRunner\TestRunner.php(87): PHPUnit\Framework\TestCase->runBare()
#11 C:\xampp\htdocs\DevOps_Project\vendor\phpunit\phpunit\src\Framework\TestCase.php(361): PHPUnit\Framework\TestRunner->run(Object(App\Tests\Models\BonLivraisonModelTest))
#12 C:\xampp\htdocs\DevOps_Project\vendor\phpunit\phpunit\src\Framework\TestSuite.php(369): PHPUnit\Framework\TestCase->run()
#13 C:\xampp\htdocs\DevOps_Project\vendor\phpunit\phpunit\src\TextUI\TestRunner.php(64): PHPUnit\Framework\TestSuite->run()
#14 C:\xampp\htdocs\DevOps_Project\vendor\phpunit\phpunit\src\TextUI\Application.php(210): PHPUnit\TextUI\TestRunner->run(Object(PHPUnit\TextUI\Configuration\Configuration), Object(PHPUnit\Runner\ResultCache\DefaultResultCache), Object(PHPUnit\Framework\TestSuite))
#15 C:\xampp\htdocs\DevOps_Project\vendor\phpunit\phpunit\phpunit(104): PHPUnit\TextUI\Application->run(Array)
#16 C:\xampp\htdocs\DevOps_Project\vendor\bin\phpunit(122): include('C:\\xampp\\htdocs...')
#17 {main}
ERROR - 2025-04-23 09:07:23 --> Exception: no such table: db_bon_livraison in C:\xampp\htdocs\DevOps_Project\system\Database\SQLite3\Connection.php:175
Stack trace:
#0 C:\xampp\htdocs\DevOps_Project\system\Database\SQLite3\Connection.php(175): SQLite3->exec('INSERT INTO `db...')
#1 C:\xampp\htdocs\DevOps_Project\system\Database\BaseConnection.php(738): CodeIgniter\Database\SQLite3\Connection->execute('INSERT INTO `db...')
#2 C:\xampp\htdocs\DevOps_Project\system\Database\BaseConnection.php(652): CodeIgniter\Database\BaseConnection->simpleQuery('INSERT INTO `db...')
#3 C:\xampp\htdocs\DevOps_Project\system\Database\BaseBuilder.php(2345): CodeIgniter\Database\BaseConnection->query('INSERT INTO `db...', Array, false)
#4 C:\xampp\htdocs\DevOps_Project\system\Model.php(394): CodeIgniter\Database\BaseBuilder->insert()
#5 C:\xampp\htdocs\DevOps_Project\system\BaseModel.php(839): CodeIgniter\Model->doInsert(Array)
#6 C:\xampp\htdocs\DevOps_Project\system\Model.php(800): CodeIgniter\BaseModel->insert(Array, true)
#7 C:\xampp\htdocs\DevOps_Project\tests\BonLivraisonModelTest.php(64): CodeIgniter\Model->insert(Array)
#8 C:\xampp\htdocs\DevOps_Project\vendor\phpunit\phpunit\src\Framework\TestCase.php(1656): App\Tests\Models\BonLivraisonModelTest->testDeleteBonLivraison()
#9 C:\xampp\htdocs\DevOps_Project\vendor\phpunit\phpunit\src\Framework\TestCase.php(514): PHPUnit\Framework\TestCase->runTest()
#10 C:\xampp\htdocs\DevOps_Project\vendor\phpunit\phpunit\src\Framework\TestRunner\TestRunner.php(87): PHPUnit\Framework\TestCase->runBare()
#11 C:\xampp\htdocs\DevOps_Project\vendor\phpunit\phpunit\src\Framework\TestCase.php(361): PHPUnit\Framework\TestRunner->run(Object(App\Tests\Models\BonLivraisonModelTest))
#12 C:\xampp\htdocs\DevOps_Project\vendor\phpunit\phpunit\src\Framework\TestSuite.php(369): PHPUnit\Framework\TestCase->run()
#13 C:\xampp\htdocs\DevOps_Project\vendor\phpunit\phpunit\src\TextUI\TestRunner.php(64): PHPUnit\Framework\TestSuite->run()
#14 C:\xampp\htdocs\DevOps_Project\vendor\phpunit\phpunit\src\TextUI\Application.php(210): PHPUnit\TextUI\TestRunner->run(Object(PHPUnit\TextUI\Configuration\Configuration), Object(PHPUnit\Runner\ResultCache\DefaultResultCache), Object(PHPUnit\Framework\TestSuite))
#15 C:\xampp\htdocs\DevOps_Project\vendor\phpunit\phpunit\phpunit(104): PHPUnit\TextUI\Application->run(Array)
#16 C:\xampp\htdocs\DevOps_Project\vendor\bin\phpunit(122): include('C:\\xampp\\htdocs...')
#17 {main}
ERROR - 2025-04-23 09:11:08 --> Exception: no such table: db_bon_livraison in C:\xampp\htdocs\DevOps_Project\system\Database\SQLite3\Connection.php:175
Stack trace:
#0 C:\xampp\htdocs\DevOps_Project\system\Database\SQLite3\Connection.php(175): SQLite3->exec('INSERT INTO `db...')
#1 C:\xampp\htdocs\DevOps_Project\system\Database\BaseConnection.php(738): CodeIgniter\Database\SQLite3\Connection->execute('INSERT INTO `db...')
#2 C:\xampp\htdocs\DevOps_Project\system\Database\BaseConnection.php(652): CodeIgniter\Database\BaseConnection->simpleQuery('INSERT INTO `db...')
#3 C:\xampp\htdocs\DevOps_Project\system\Database\BaseBuilder.php(2345): CodeIgniter\Database\BaseConnection->query('INSERT INTO `db...', Array, false)
#4 C:\xampp\htdocs\DevOps_Project\system\Model.php(394): CodeIgniter\Database\BaseBuilder->insert()
#5 C:\xampp\htdocs\DevOps_Project\system\BaseModel.php(839): CodeIgniter\Model->doInsert(Array)
#6 C:\xampp\htdocs\DevOps_Project\system\Model.php(800): CodeIgniter\BaseModel->insert(Array, true)
#7 C:\xampp\htdocs\DevOps_Project\tests\BonLivraisonModelTest.php(26): CodeIgniter\Model->insert(Array)
#8 C:\xampp\htdocs\DevOps_Project\vendor\phpunit\phpunit\src\Framework\TestCase.php(1656): App\Tests\Models\BonLivraisonModelTest->testInsertBonLivraison()
#9 C:\xampp\htdocs\DevOps_Project\vendor\phpunit\phpunit\src\Framework\TestCase.php(514): PHPUnit\Framework\TestCase->runTest()
#10 C:\xampp\htdocs\DevOps_Project\vendor\phpunit\phpunit\src\Framework\TestRunner\TestRunner.php(87): PHPUnit\Framework\TestCase->runBare()
#11 C:\xampp\htdocs\DevOps_Project\vendor\phpunit\phpunit\src\Framework\TestCase.php(361): PHPUnit\Framework\TestRunner->run(Object(App\Tests\Models\BonLivraisonModelTest))
#12 C:\xampp\htdocs\DevOps_Project\vendor\phpunit\phpunit\src\Framework\TestSuite.php(369): PHPUnit\Framework\TestCase->run()
#13 C:\xampp\htdocs\DevOps_Project\vendor\phpunit\phpunit\src\TextUI\TestRunner.php(64): PHPUnit\Framework\TestSuite->run()
#14 C:\xampp\htdocs\DevOps_Project\vendor\phpunit\phpunit\src\TextUI\Application.php(210): PHPUnit\TextUI\TestRunner->run(Object(PHPUnit\TextUI\Configuration\Configuration), Object(PHPUnit\Runner\ResultCache\DefaultResultCache), Object(PHPUnit\Framework\TestSuite))
#15 C:\xampp\htdocs\DevOps_Project\vendor\phpunit\phpunit\phpunit(104): PHPUnit\TextUI\Application->run(Array)
#16 C:\xampp\htdocs\DevOps_Project\vendor\bin\phpunit(122): include('C:\\xampp\\htdocs...')
#17 {main}
ERROR - 2025-04-23 09:11:08 --> Exception: no such table: db_bon_livraison in C:\xampp\htdocs\DevOps_Project\system\Database\SQLite3\Connection.php:175
Stack trace:
#0 C:\xampp\htdocs\DevOps_Project\system\Database\SQLite3\Connection.php(175): SQLite3->exec('INSERT INTO `db...')
#1 C:\xampp\htdocs\DevOps_Project\system\Database\BaseConnection.php(738): CodeIgniter\Database\SQLite3\Connection->execute('INSERT INTO `db...')
#2 C:\xampp\htdocs\DevOps_Project\system\Database\BaseConnection.php(652): CodeIgniter\Database\BaseConnection->simpleQuery('INSERT INTO `db...')
#3 C:\xampp\htdocs\DevOps_Project\system\Database\BaseBuilder.php(2345): CodeIgniter\Database\BaseConnection->query('INSERT INTO `db...', Array, false)
#4 C:\xampp\htdocs\DevOps_Project\system\Model.php(394): CodeIgniter\Database\BaseBuilder->insert()
#5 C:\xampp\htdocs\DevOps_Project\system\BaseModel.php(839): CodeIgniter\Model->doInsert(Array)
#6 C:\xampp\htdocs\DevOps_Project\system\Model.php(800): CodeIgniter\BaseModel->insert(Array, true)
#7 C:\xampp\htdocs\DevOps_Project\tests\BonLivraisonModelTest.php(40): CodeIgniter\Model->insert(Array)
#8 C:\xampp\htdocs\DevOps_Project\vendor\phpunit\phpunit\src\Framework\TestCase.php(1656): App\Tests\Models\BonLivraisonModelTest->testFindBonLivraison()
#9 C:\xampp\htdocs\DevOps_Project\vendor\phpunit\phpunit\src\Framework\TestCase.php(514): PHPUnit\Framework\TestCase->runTest()
#10 C:\xampp\htdocs\DevOps_Project\vendor\phpunit\phpunit\src\Framework\TestRunner\TestRunner.php(87): PHPUnit\Framework\TestCase->runBare()
#11 C:\xampp\htdocs\DevOps_Project\vendor\phpunit\phpunit\src\Framework\TestCase.php(361): PHPUnit\Framework\TestRunner->run(Object(App\Tests\Models\BonLivraisonModelTest))
#12 C:\xampp\htdocs\DevOps_Project\vendor\phpunit\phpunit\src\Framework\TestSuite.php(369): PHPUnit\Framework\TestCase->run()
#13 C:\xampp\htdocs\DevOps_Project\vendor\phpunit\phpunit\src\TextUI\TestRunner.php(64): PHPUnit\Framework\TestSuite->run()
#14 C:\xampp\htdocs\DevOps_Project\vendor\phpunit\phpunit\src\TextUI\Application.php(210): PHPUnit\TextUI\TestRunner->run(Object(PHPUnit\TextUI\Configuration\Configuration), Object(PHPUnit\Runner\ResultCache\DefaultResultCache), Object(PHPUnit\Framework\TestSuite))
#15 C:\xampp\htdocs\DevOps_Project\vendor\phpunit\phpunit\phpunit(104): PHPUnit\TextUI\Application->run(Array)
#16 C:\xampp\htdocs\DevOps_Project\vendor\bin\phpunit(122): include('C:\\xampp\\htdocs...')
#17 {main}
ERROR - 2025-04-23 09:11:08 --> Exception: no such table: db_bon_livraison in C:\xampp\htdocs\DevOps_Project\system\Database\SQLite3\Connection.php:175
Stack trace:
#0 C:\xampp\htdocs\DevOps_Project\system\Database\SQLite3\Connection.php(175): SQLite3->exec('INSERT INTO `db...')
#1 C:\xampp\htdocs\DevOps_Project\system\Database\BaseConnection.php(738): CodeIgniter\Database\SQLite3\Connection->execute('INSERT INTO `db...')
#2 C:\xampp\htdocs\DevOps_Project\system\Database\BaseConnection.php(652): CodeIgniter\Database\BaseConnection->simpleQuery('INSERT INTO `db...')
#3 C:\xampp\htdocs\DevOps_Project\system\Database\BaseBuilder.php(2345): CodeIgniter\Database\BaseConnection->query('INSERT INTO `db...', Array, false)
#4 C:\xampp\htdocs\DevOps_Project\system\Model.php(394): CodeIgniter\Database\BaseBuilder->insert()
#5 C:\xampp\htdocs\DevOps_Project\system\BaseModel.php(839): CodeIgniter\Model->doInsert(Array)
#6 C:\xampp\htdocs\DevOps_Project\system\Model.php(800): CodeIgniter\BaseModel->insert(Array, true)
#7 C:\xampp\htdocs\DevOps_Project\tests\BonLivraisonModelTest.php(50): CodeIgniter\Model->insert(Array)
#8 C:\xampp\htdocs\DevOps_Project\vendor\phpunit\phpunit\src\Framework\TestCase.php(1656): App\Tests\Models\BonLivraisonModelTest->testUpdateBonLivraison()
#9 C:\xampp\htdocs\DevOps_Project\vendor\phpunit\phpunit\src\Framework\TestCase.php(514): PHPUnit\Framework\TestCase->runTest()
#10 C:\xampp\htdocs\DevOps_Project\vendor\phpunit\phpunit\src\Framework\TestRunner\TestRunner.php(87): PHPUnit\Framework\TestCase->runBare()
#11 C:\xampp\htdocs\DevOps_Project\vendor\phpunit\phpunit\src\Framework\TestCase.php(361): PHPUnit\Framework\TestRunner->run(Object(App\Tests\Models\BonLivraisonModelTest))
#12 C:\xampp\htdocs\DevOps_Project\vendor\phpunit\phpunit\src\Framework\TestSuite.php(369): PHPUnit\Framework\TestCase->run()
#13 C:\xampp\htdocs\DevOps_Project\vendor\phpunit\phpunit\src\TextUI\TestRunner.php(64): PHPUnit\Framework\TestSuite->run()
#14 C:\xampp\htdocs\DevOps_Project\vendor\phpunit\phpunit\src\TextUI\Application.php(210): PHPUnit\TextUI\TestRunner->run(Object(PHPUnit\TextUI\Configuration\Configuration), Object(PHPUnit\Runner\ResultCache\DefaultResultCache), Object(PHPUnit\Framework\TestSuite))
#15 C:\xampp\htdocs\DevOps_Project\vendor\phpunit\phpunit\phpunit(104): PHPUnit\TextUI\Application->run(Array)
#16 C:\xampp\htdocs\DevOps_Project\vendor\bin\phpunit(122): include('C:\\xampp\\htdocs...')
#17 {main}
ERROR - 2025-04-23 09:11:08 --> Exception: no such table: db_bon_livraison in C:\xampp\htdocs\DevOps_Project\system\Database\SQLite3\Connection.php:175
Stack trace:
#0 C:\xampp\htdocs\DevOps_Project\system\Database\SQLite3\Connection.php(175): SQLite3->exec('INSERT INTO `db...')
#1 C:\xampp\htdocs\DevOps_Project\system\Database\BaseConnection.php(738): CodeIgniter\Database\SQLite3\Connection->execute('INSERT INTO `db...')
#2 C:\xampp\htdocs\DevOps_Project\system\Database\BaseConnection.php(652): CodeIgniter\Database\BaseConnection->simpleQuery('INSERT INTO `db...')
#3 C:\xampp\htdocs\DevOps_Project\system\Database\BaseBuilder.php(2345): CodeIgniter\Database\BaseConnection->query('INSERT INTO `db...', Array, false)
#4 C:\xampp\htdocs\DevOps_Project\system\Model.php(394): CodeIgniter\Database\BaseBuilder->insert()
#5 C:\xampp\htdocs\DevOps_Project\system\BaseModel.php(839): CodeIgniter\Model->doInsert(Array)
#6 C:\xampp\htdocs\DevOps_Project\system\Model.php(800): CodeIgniter\BaseModel->insert(Array, true)
#7 C:\xampp\htdocs\DevOps_Project\tests\BonLivraisonModelTest.php(64): CodeIgniter\Model->insert(Array)
#8 C:\xampp\htdocs\DevOps_Project\vendor\phpunit\phpunit\src\Framework\TestCase.php(1656): App\Tests\Models\BonLivraisonModelTest->testDeleteBonLivraison()
#9 C:\xampp\htdocs\DevOps_Project\vendor\phpunit\phpunit\src\Framework\TestCase.php(514): PHPUnit\Framework\TestCase->runTest()
#10 C:\xampp\htdocs\DevOps_Project\vendor\phpunit\phpunit\src\Framework\TestRunner\TestRunner.php(87): PHPUnit\Framework\TestCase->runBare()
#11 C:\xampp\htdocs\DevOps_Project\vendor\phpunit\phpunit\src\Framework\TestCase.php(361): PHPUnit\Framework\TestRunner->run(Object(App\Tests\Models\BonLivraisonModelTest))
#12 C:\xampp\htdocs\DevOps_Project\vendor\phpunit\phpunit\src\Framework\TestSuite.php(369): PHPUnit\Framework\TestCase->run()
#13 C:\xampp\htdocs\DevOps_Project\vendor\phpunit\phpunit\src\TextUI\TestRunner.php(64): PHPUnit\Framework\TestSuite->run()
#14 C:\xampp\htdocs\DevOps_Project\vendor\phpunit\phpunit\src\TextUI\Application.php(210): PHPUnit\TextUI\TestRunner->run(Object(PHPUnit\TextUI\Configuration\Configuration), Object(PHPUnit\Runner\ResultCache\DefaultResultCache), Object(PHPUnit\Framework\TestSuite))
#15 C:\xampp\htdocs\DevOps_Project\vendor\phpunit\phpunit\phpunit(104): PHPUnit\TextUI\Application->run(Array)
#16 C:\xampp\htdocs\DevOps_Project\vendor\bin\phpunit(122): include('C:\\xampp\\htdocs...')
#17 {main}
ERROR - 2025-04-23 09:12:03 --> Exception: no such table: db_bon_livraison in C:\xampp\htdocs\DevOps_Project\system\Database\SQLite3\Connection.php:175
Stack trace:
#0 C:\xampp\htdocs\DevOps_Project\system\Database\SQLite3\Connection.php(175): SQLite3->exec('INSERT INTO `db...')
#1 C:\xampp\htdocs\DevOps_Project\system\Database\BaseConnection.php(738): CodeIgniter\Database\SQLite3\Connection->execute('INSERT INTO `db...')
#2 C:\xampp\htdocs\DevOps_Project\system\Database\BaseConnection.php(652): CodeIgniter\Database\BaseConnection->simpleQuery('INSERT INTO `db...')
#3 C:\xampp\htdocs\DevOps_Project\system\Database\BaseBuilder.php(2345): CodeIgniter\Database\BaseConnection->query('INSERT INTO `db...', Array, false)
#4 C:\xampp\htdocs\DevOps_Project\system\Model.php(394): CodeIgniter\Database\BaseBuilder->insert()
#5 C:\xampp\htdocs\DevOps_Project\system\BaseModel.php(839): CodeIgniter\Model->doInsert(Array)
#6 C:\xampp\htdocs\DevOps_Project\system\Model.php(800): CodeIgniter\BaseModel->insert(Array, true)
#7 C:\xampp\htdocs\DevOps_Project\tests\BonLivraisonModelTest.php(26): CodeIgniter\Model->insert(Array)
#8 C:\xampp\htdocs\DevOps_Project\vendor\phpunit\phpunit\src\Framework\TestCase.php(1656): App\Tests\Models\BonLivraisonModelTest->testInsertBonLivraison()
#9 C:\xampp\htdocs\DevOps_Project\vendor\phpunit\phpunit\src\Framework\TestCase.php(514): PHPUnit\Framework\TestCase->runTest()
#10 C:\xampp\htdocs\DevOps_Project\vendor\phpunit\phpunit\src\Framework\TestRunner\TestRunner.php(87): PHPUnit\Framework\TestCase->runBare()
#11 C:\xampp\htdocs\DevOps_Project\vendor\phpunit\phpunit\src\Framework\TestCase.php(361): PHPUnit\Framework\TestRunner->run(Object(App\Tests\Models\BonLivraisonModelTest))
#12 C:\xampp\htdocs\DevOps_Project\vendor\phpunit\phpunit\src\Framework\TestSuite.php(369): PHPUnit\Framework\TestCase->run()
#13 C:\xampp\htdocs\DevOps_Project\vendor\phpunit\phpunit\src\TextUI\TestRunner.php(64): PHPUnit\Framework\TestSuite->run()
#14 C:\xampp\htdocs\DevOps_Project\vendor\phpunit\phpunit\src\TextUI\Application.php(210): PHPUnit\TextUI\TestRunner->run(Object(PHPUnit\TextUI\Configuration\Configuration), Object(PHPUnit\Runner\ResultCache\DefaultResultCache), Object(PHPUnit\Framework\TestSuite))
#15 C:\xampp\htdocs\DevOps_Project\vendor\phpunit\phpunit\phpunit(104): PHPUnit\TextUI\Application->run(Array)
#16 C:\xampp\htdocs\DevOps_Project\vendor\bin\phpunit(122): include('C:\\xampp\\htdocs...')
#17 {main}
ERROR - 2025-04-23 09:12:03 --> Exception: no such table: db_bon_livraison in C:\xampp\htdocs\DevOps_Project\system\Database\SQLite3\Connection.php:175
Stack trace:
#0 C:\xampp\htdocs\DevOps_Project\system\Database\SQLite3\Connection.php(175): SQLite3->exec('INSERT INTO `db...')
#1 C:\xampp\htdocs\DevOps_Project\system\Database\BaseConnection.php(738): CodeIgniter\Database\SQLite3\Connection->execute('INSERT INTO `db...')
#2 C:\xampp\htdocs\DevOps_Project\system\Database\BaseConnection.php(652): CodeIgniter\Database\BaseConnection->simpleQuery('INSERT INTO `db...')
#3 C:\xampp\htdocs\DevOps_Project\system\Database\BaseBuilder.php(2345): CodeIgniter\Database\BaseConnection->query('INSERT INTO `db...', Array, false)
#4 C:\xampp\htdocs\DevOps_Project\system\Model.php(394): CodeIgniter\Database\BaseBuilder->insert()
#5 C:\xampp\htdocs\DevOps_Project\system\BaseModel.php(839): CodeIgniter\Model->doInsert(Array)
#6 C:\xampp\htdocs\DevOps_Project\system\Model.php(800): CodeIgniter\BaseModel->insert(Array, true)
#7 C:\xampp\htdocs\DevOps_Project\tests\BonLivraisonModelTest.php(40): CodeIgniter\Model->insert(Array)
#8 C:\xampp\htdocs\DevOps_Project\vendor\phpunit\phpunit\src\Framework\TestCase.php(1656): App\Tests\Models\BonLivraisonModelTest->testFindBonLivraison()
#9 C:\xampp\htdocs\DevOps_Project\vendor\phpunit\phpunit\src\Framework\TestCase.php(514): PHPUnit\Framework\TestCase->runTest()
#10 C:\xampp\htdocs\DevOps_Project\vendor\phpunit\phpunit\src\Framework\TestRunner\TestRunner.php(87): PHPUnit\Framework\TestCase->runBare()
#11 C:\xampp\htdocs\DevOps_Project\vendor\phpunit\phpunit\src\Framework\TestCase.php(361): PHPUnit\Framework\TestRunner->run(Object(App\Tests\Models\BonLivraisonModelTest))
#12 C:\xampp\htdocs\DevOps_Project\vendor\phpunit\phpunit\src\Framework\TestSuite.php(369): PHPUnit\Framework\TestCase->run()
#13 C:\xampp\htdocs\DevOps_Project\vendor\phpunit\phpunit\src\TextUI\TestRunner.php(64): PHPUnit\Framework\TestSuite->run()
#14 C:\xampp\htdocs\DevOps_Project\vendor\phpunit\phpunit\src\TextUI\Application.php(210): PHPUnit\TextUI\TestRunner->run(Object(PHPUnit\TextUI\Configuration\Configuration), Object(PHPUnit\Runner\ResultCache\DefaultResultCache), Object(PHPUnit\Framework\TestSuite))
#15 C:\xampp\htdocs\DevOps_Project\vendor\phpunit\phpunit\phpunit(104): PHPUnit\TextUI\Application->run(Array)
#16 C:\xampp\htdocs\DevOps_Project\vendor\bin\phpunit(122): include('C:\\xampp\\htdocs...')
#17 {main}
ERROR - 2025-04-23 09:12:03 --> Exception: no such table: db_bon_livraison in C:\xampp\htdocs\DevOps_Project\system\Database\SQLite3\Connection.php:175
Stack trace:
#0 C:\xampp\htdocs\DevOps_Project\system\Database\SQLite3\Connection.php(175): SQLite3->exec('INSERT INTO `db...')
#1 C:\xampp\htdocs\DevOps_Project\system\Database\BaseConnection.php(738): CodeIgniter\Database\SQLite3\Connection->execute('INSERT INTO `db...')
#2 C:\xampp\htdocs\DevOps_Project\system\Database\BaseConnection.php(652): CodeIgniter\Database\BaseConnection->simpleQuery('INSERT INTO `db...')
#3 C:\xampp\htdocs\DevOps_Project\system\Database\BaseBuilder.php(2345): CodeIgniter\Database\BaseConnection->query('INSERT INTO `db...', Array, false)
#4 C:\xampp\htdocs\DevOps_Project\system\Model.php(394): CodeIgniter\Database\BaseBuilder->insert()
#5 C:\xampp\htdocs\DevOps_Project\system\BaseModel.php(839): CodeIgniter\Model->doInsert(Array)
#6 C:\xampp\htdocs\DevOps_Project\system\Model.php(800): CodeIgniter\BaseModel->insert(Array, true)
#7 C:\xampp\htdocs\DevOps_Project\tests\BonLivraisonModelTest.php(50): CodeIgniter\Model->insert(Array)
#8 C:\xampp\htdocs\DevOps_Project\vendor\phpunit\phpunit\src\Framework\TestCase.php(1656): App\Tests\Models\BonLivraisonModelTest->testUpdateBonLivraison()
#9 C:\xampp\htdocs\DevOps_Project\vendor\phpunit\phpunit\src\Framework\TestCase.php(514): PHPUnit\Framework\TestCase->runTest()
#10 C:\xampp\htdocs\DevOps_Project\vendor\phpunit\phpunit\src\Framework\TestRunner\TestRunner.php(87): PHPUnit\Framework\TestCase->runBare()
#11 C:\xampp\htdocs\DevOps_Project\vendor\phpunit\phpunit\src\Framework\TestCase.php(361): PHPUnit\Framework\TestRunner->run(Object(App\Tests\Models\BonLivraisonModelTest))
#12 C:\xampp\htdocs\DevOps_Project\vendor\phpunit\phpunit\src\Framework\TestSuite.php(369): PHPUnit\Framework\TestCase->run()
#13 C:\xampp\htdocs\DevOps_Project\vendor\phpunit\phpunit\src\TextUI\TestRunner.php(64): PHPUnit\Framework\TestSuite->run()
#14 C:\xampp\htdocs\DevOps_Project\vendor\phpunit\phpunit\src\TextUI\Application.php(210): PHPUnit\TextUI\TestRunner->run(Object(PHPUnit\TextUI\Configuration\Configuration), Object(PHPUnit\Runner\ResultCache\DefaultResultCache), Object(PHPUnit\Framework\TestSuite))
#15 C:\xampp\htdocs\DevOps_Project\vendor\phpunit\phpunit\phpunit(104): PHPUnit\TextUI\Application->run(Array)
#16 C:\xampp\htdocs\DevOps_Project\vendor\bin\phpunit(122): include('C:\\xampp\\htdocs...')
#17 {main}
ERROR - 2025-04-23 09:12:03 --> Exception: no such table: db_bon_livraison in C:\xampp\htdocs\DevOps_Project\system\Database\SQLite3\Connection.php:175
Stack trace:
#0 C:\xampp\htdocs\DevOps_Project\system\Database\SQLite3\Connection.php(175): SQLite3->exec('INSERT INTO `db...')
#1 C:\xampp\htdocs\DevOps_Project\system\Database\BaseConnection.php(738): CodeIgniter\Database\SQLite3\Connection->execute('INSERT INTO `db...')
#2 C:\xampp\htdocs\DevOps_Project\system\Database\BaseConnection.php(652): CodeIgniter\Database\BaseConnection->simpleQuery('INSERT INTO `db...')
#3 C:\xampp\htdocs\DevOps_Project\system\Database\BaseBuilder.php(2345): CodeIgniter\Database\BaseConnection->query('INSERT INTO `db...', Array, false)
#4 C:\xampp\htdocs\DevOps_Project\system\Model.php(394): CodeIgniter\Database\BaseBuilder->insert()
#5 C:\xampp\htdocs\DevOps_Project\system\BaseModel.php(839): CodeIgniter\Model->doInsert(Array)
#6 C:\xampp\htdocs\DevOps_Project\system\Model.php(800): CodeIgniter\BaseModel->insert(Array, true)
#7 C:\xampp\htdocs\DevOps_Project\tests\BonLivraisonModelTest.php(64): CodeIgniter\Model->insert(Array)
#8 C:\xampp\htdocs\DevOps_Project\vendor\phpunit\phpunit\src\Framework\TestCase.php(1656): App\Tests\Models\BonLivraisonModelTest->testDeleteBonLivraison()
#9 C:\xampp\htdocs\DevOps_Project\vendor\phpunit\phpunit\src\Framework\TestCase.php(514): PHPUnit\Framework\TestCase->runTest()
#10 C:\xampp\htdocs\DevOps_Project\vendor\phpunit\phpunit\src\Framework\TestRunner\TestRunner.php(87): PHPUnit\Framework\TestCase->runBare()
#11 C:\xampp\htdocs\DevOps_Project\vendor\phpunit\phpunit\src\Framework\TestCase.php(361): PHPUnit\Framework\TestRunner->run(Object(App\Tests\Models\BonLivraisonModelTest))
#12 C:\xampp\htdocs\DevOps_Project\vendor\phpunit\phpunit\src\Framework\TestSuite.php(369): PHPUnit\Framework\TestCase->run()
#13 C:\xampp\htdocs\DevOps_Project\vendor\phpunit\phpunit\src\TextUI\TestRunner.php(64): PHPUnit\Framework\TestSuite->run()
#14 C:\xampp\htdocs\DevOps_Project\vendor\phpunit\phpunit\src\TextUI\Application.php(210): PHPUnit\TextUI\TestRunner->run(Object(PHPUnit\TextUI\Configuration\Configuration), Object(PHPUnit\Runner\ResultCache\DefaultResultCache), Object(PHPUnit\Framework\TestSuite))
#15 C:\xampp\htdocs\DevOps_Project\vendor\phpunit\phpunit\phpunit(104): PHPUnit\TextUI\Application->run(Array)
#16 C:\xampp\htdocs\DevOps_Project\vendor\bin\phpunit(122): include('C:\\xampp\\htdocs...')
#17 {main}
ERROR - 2025-04-23 09:18:26 --> Exception: no such table: db_bon_livraison in C:\xampp\htdocs\DevOps_Project\system\Database\SQLite3\Connection.php:175
Stack trace:
#0 C:\xampp\htdocs\DevOps_Project\system\Database\SQLite3\Connection.php(175): SQLite3->exec('INSERT INTO `db...')
#1 C:\xampp\htdocs\DevOps_Project\system\Database\BaseConnection.php(738): CodeIgniter\Database\SQLite3\Connection->execute('INSERT INTO `db...')
#2 C:\xampp\htdocs\DevOps_Project\system\Database\BaseConnection.php(652): CodeIgniter\Database\BaseConnection->simpleQuery('INSERT INTO `db...')
#3 C:\xampp\htdocs\DevOps_Project\system\Database\BaseBuilder.php(2345): CodeIgniter\Database\BaseConnection->query('INSERT INTO `db...', Array, false)
#4 C:\xampp\htdocs\DevOps_Project\system\Model.php(394): CodeIgniter\Database\BaseBuilder->insert()
#5 C:\xampp\htdocs\DevOps_Project\system\BaseModel.php(839): CodeIgniter\Model->doInsert(Array)
#6 C:\xampp\htdocs\DevOps_Project\system\Model.php(800): CodeIgniter\BaseModel->insert(Array, true)
#7 C:\xampp\htdocs\DevOps_Project\tests\BonLivraisonModelTest.php(26): CodeIgniter\Model->insert(Array)
#8 C:\xampp\htdocs\DevOps_Project\vendor\phpunit\phpunit\src\Framework\TestCase.php(1656): App\Tests\Models\BonLivraisonModelTest->testInsertBonLivraison()
#9 C:\xampp\htdocs\DevOps_Project\vendor\phpunit\phpunit\src\Framework\TestCase.php(514): PHPUnit\Framework\TestCase->runTest()
#10 C:\xampp\htdocs\DevOps_Project\vendor\phpunit\phpunit\src\Framework\TestRunner\TestRunner.php(87): PHPUnit\Framework\TestCase->runBare()
#11 C:\xampp\htdocs\DevOps_Project\vendor\phpunit\phpunit\src\Framework\TestCase.php(361): PHPUnit\Framework\TestRunner->run(Object(App\Tests\Models\BonLivraisonModelTest))
#12 C:\xampp\htdocs\DevOps_Project\vendor\phpunit\phpunit\src\Framework\TestSuite.php(369): PHPUnit\Framework\TestCase->run()
#13 C:\xampp\htdocs\DevOps_Project\vendor\phpunit\phpunit\src\TextUI\TestRunner.php(64): PHPUnit\Framework\TestSuite->run()
#14 C:\xampp\htdocs\DevOps_Project\vendor\phpunit\phpunit\src\TextUI\Application.php(210): PHPUnit\TextUI\TestRunner->run(Object(PHPUnit\TextUI\Configuration\Configuration), Object(PHPUnit\Runner\ResultCache\DefaultResultCache), Object(PHPUnit\Framework\TestSuite))
#15 C:\xampp\htdocs\DevOps_Project\vendor\phpunit\phpunit\phpunit(104): PHPUnit\TextUI\Application->run(Array)
#16 C:\xampp\htdocs\DevOps_Project\vendor\bin\phpunit(122): include('C:\\xampp\\htdocs...')
#17 {main}
ERROR - 2025-04-23 09:18:26 --> Exception: no such table: db_bon_livraison in C:\xampp\htdocs\DevOps_Project\system\Database\SQLite3\Connection.php:175
Stack trace:
#0 C:\xampp\htdocs\DevOps_Project\system\Database\SQLite3\Connection.php(175): SQLite3->exec('INSERT INTO `db...')
#1 C:\xampp\htdocs\DevOps_Project\system\Database\BaseConnection.php(738): CodeIgniter\Database\SQLite3\Connection->execute('INSERT INTO `db...')
#2 C:\xampp\htdocs\DevOps_Project\system\Database\BaseConnection.php(652): CodeIgniter\Database\BaseConnection->simpleQuery('INSERT INTO `db...')
#3 C:\xampp\htdocs\DevOps_Project\system\Database\BaseBuilder.php(2345): CodeIgniter\Database\BaseConnection->query('INSERT INTO `db...', Array, false)
#4 C:\xampp\htdocs\DevOps_Project\system\Model.php(394): CodeIgniter\Database\BaseBuilder->insert()
#5 C:\xampp\htdocs\DevOps_Project\system\BaseModel.php(839): CodeIgniter\Model->doInsert(Array)
#6 C:\xampp\htdocs\DevOps_Project\system\Model.php(800): CodeIgniter\BaseModel->insert(Array, true)
#7 C:\xampp\htdocs\DevOps_Project\tests\BonLivraisonModelTest.php(40): CodeIgniter\Model->insert(Array)
#8 C:\xampp\htdocs\DevOps_Project\vendor\phpunit\phpunit\src\Framework\TestCase.php(1656): App\Tests\Models\BonLivraisonModelTest->testFindBonLivraison()
#9 C:\xampp\htdocs\DevOps_Project\vendor\phpunit\phpunit\src\Framework\TestCase.php(514): PHPUnit\Framework\TestCase->runTest()
#10 C:\xampp\htdocs\DevOps_Project\vendor\phpunit\phpunit\src\Framework\TestRunner\TestRunner.php(87): PHPUnit\Framework\TestCase->runBare()
#11 C:\xampp\htdocs\DevOps_Project\vendor\phpunit\phpunit\src\Framework\TestCase.php(361): PHPUnit\Framework\TestRunner->run(Object(App\Tests\Models\BonLivraisonModelTest))
#12 C:\xampp\htdocs\DevOps_Project\vendor\phpunit\phpunit\src\Framework\TestSuite.php(369): PHPUnit\Framework\TestCase->run()
#13 C:\xampp\htdocs\DevOps_Project\vendor\phpunit\phpunit\src\TextUI\TestRunner.php(64): PHPUnit\Framework\TestSuite->run()
#14 C:\xampp\htdocs\DevOps_Project\vendor\phpunit\phpunit\src\TextUI\Application.php(210): PHPUnit\TextUI\TestRunner->run(Object(PHPUnit\TextUI\Configuration\Configuration), Object(PHPUnit\Runner\ResultCache\DefaultResultCache), Object(PHPUnit\Framework\TestSuite))
#15 C:\xampp\htdocs\DevOps_Project\vendor\phpunit\phpunit\phpunit(104): PHPUnit\TextUI\Application->run(Array)
#16 C:\xampp\htdocs\DevOps_Project\vendor\bin\phpunit(122): include('C:\\xampp\\htdocs...')
#17 {main}
ERROR - 2025-04-23 09:18:26 --> Exception: no such table: db_bon_livraison in C:\xampp\htdocs\DevOps_Project\system\Database\SQLite3\Connection.php:175
Stack trace:
#0 C:\xampp\htdocs\DevOps_Project\system\Database\SQLite3\Connection.php(175): SQLite3->exec('INSERT INTO `db...')
#1 C:\xampp\htdocs\DevOps_Project\system\Database\BaseConnection.php(738): CodeIgniter\Database\SQLite3\Connection->execute('INSERT INTO `db...')
#2 C:\xampp\htdocs\DevOps_Project\system\Database\BaseConnection.php(652): CodeIgniter\Database\BaseConnection->simpleQuery('INSERT INTO `db...')
#3 C:\xampp\htdocs\DevOps_Project\system\Database\BaseBuilder.php(2345): CodeIgniter\Database\BaseConnection->query('INSERT INTO `db...', Array, false)
#4 C:\xampp\htdocs\DevOps_Project\system\Model.php(394): CodeIgniter\Database\BaseBuilder->insert()
#5 C:\xampp\htdocs\DevOps_Project\system\BaseModel.php(839): CodeIgniter\Model->doInsert(Array)
#6 C:\xampp\htdocs\DevOps_Project\system\Model.php(800): CodeIgniter\BaseModel->insert(Array, true)
#7 C:\xampp\htdocs\DevOps_Project\tests\BonLivraisonModelTest.php(50): CodeIgniter\Model->insert(Array)
#8 C:\xampp\htdocs\DevOps_Project\vendor\phpunit\phpunit\src\Framework\TestCase.php(1656): App\Tests\Models\BonLivraisonModelTest->testUpdateBonLivraison()
#9 C:\xampp\htdocs\DevOps_Project\vendor\phpunit\phpunit\src\Framework\TestCase.php(514): PHPUnit\Framework\TestCase->runTest()
#10 C:\xampp\htdocs\DevOps_Project\vendor\phpunit\phpunit\src\Framework\TestRunner\TestRunner.php(87): PHPUnit\Framework\TestCase->runBare()
#11 C:\xampp\htdocs\DevOps_Project\vendor\phpunit\phpunit\src\Framework\TestCase.php(361): PHPUnit\Framework\TestRunner->run(Object(App\Tests\Models\BonLivraisonModelTest))
#12 C:\xampp\htdocs\DevOps_Project\vendor\phpunit\phpunit\src\Framework\TestSuite.php(369): PHPUnit\Framework\TestCase->run()
#13 C:\xampp\htdocs\DevOps_Project\vendor\phpunit\phpunit\src\TextUI\TestRunner.php(64): PHPUnit\Framework\TestSuite->run()
#14 C:\xampp\htdocs\DevOps_Project\vendor\phpunit\phpunit\src\TextUI\Application.php(210): PHPUnit\TextUI\TestRunner->run(Object(PHPUnit\TextUI\Configuration\Configuration), Object(PHPUnit\Runner\ResultCache\DefaultResultCache), Object(PHPUnit\Framework\TestSuite))
#15 C:\xampp\htdocs\DevOps_Project\vendor\phpunit\phpunit\phpunit(104): PHPUnit\TextUI\Application->run(Array)
#16 C:\xampp\htdocs\DevOps_Project\vendor\bin\phpunit(122): include('C:\\xampp\\htdocs...')
#17 {main}
ERROR - 2025-04-23 09:18:27 --> Exception: no such table: db_bon_livraison in C:\xampp\htdocs\DevOps_Project\system\Database\SQLite3\Connection.php:175
Stack trace:
#0 C:\xampp\htdocs\DevOps_Project\system\Database\SQLite3\Connection.php(175): SQLite3->exec('INSERT INTO `db...')
#1 C:\xampp\htdocs\DevOps_Project\system\Database\BaseConnection.php(738): CodeIgniter\Database\SQLite3\Connection->execute('INSERT INTO `db...')
#2 C:\xampp\htdocs\DevOps_Project\system\Database\BaseConnection.php(652): CodeIgniter\Database\BaseConnection->simpleQuery('INSERT INTO `db...')
#3 C:\xampp\htdocs\DevOps_Project\system\Database\BaseBuilder.php(2345): CodeIgniter\Database\BaseConnection->query('INSERT INTO `db...', Array, false)
#4 C:\xampp\htdocs\DevOps_Project\system\Model.php(394): CodeIgniter\Database\BaseBuilder->insert()
#5 C:\xampp\htdocs\DevOps_Project\system\BaseModel.php(839): CodeIgniter\Model->doInsert(Array)
#6 C:\xampp\htdocs\DevOps_Project\system\Model.php(800): CodeIgniter\BaseModel->insert(Array, true)
#7 C:\xampp\htdocs\DevOps_Project\tests\BonLivraisonModelTest.php(64): CodeIgniter\Model->insert(Array)
#8 C:\xampp\htdocs\DevOps_Project\vendor\phpunit\phpunit\src\Framework\TestCase.php(1656): App\Tests\Models\BonLivraisonModelTest->testDeleteBonLivraison()
#9 C:\xampp\htdocs\DevOps_Project\vendor\phpunit\phpunit\src\Framework\TestCase.php(514): PHPUnit\Framework\TestCase->runTest()
#10 C:\xampp\htdocs\DevOps_Project\vendor\phpunit\phpunit\src\Framework\TestRunner\TestRunner.php(87): PHPUnit\Framework\TestCase->runBare()
#11 C:\xampp\htdocs\DevOps_Project\vendor\phpunit\phpunit\src\Framework\TestCase.php(361): PHPUnit\Framework\TestRunner->run(Object(App\Tests\Models\BonLivraisonModelTest))
#12 C:\xampp\htdocs\DevOps_Project\vendor\phpunit\phpunit\src\Framework\TestSuite.php(369): PHPUnit\Framework\TestCase->run()
#13 C:\xampp\htdocs\DevOps_Project\vendor\phpunit\phpunit\src\TextUI\TestRunner.php(64): PHPUnit\Framework\TestSuite->run()
#14 C:\xampp\htdocs\DevOps_Project\vendor\phpunit\phpunit\src\TextUI\Application.php(210): PHPUnit\TextUI\TestRunner->run(Object(PHPUnit\TextUI\Configuration\Configuration), Object(PHPUnit\Runner\ResultCache\DefaultResultCache), Object(PHPUnit\Framework\TestSuite))
#15 C:\xampp\htdocs\DevOps_Project\vendor\phpunit\phpunit\phpunit(104): PHPUnit\TextUI\Application->run(Array)
#16 C:\xampp\htdocs\DevOps_Project\vendor\bin\phpunit(122): include('C:\\xampp\\htdocs...')
#17 {main}
